#
# There is insufficient memory for the Java Runtime Environment to continue.
# Native memory allocation (malloc) failed to allocate 32744 bytes for ChunkPool::allocate
# Possible reasons:
#   The process is running with CompressedOops enabled, and the Java Heap may be blocking the growth of the native heap
# Possible solutions:
#   Reduce memory load on the system
#   Increase physical memory or swap space
#   Check if swap backing store is full
#   Decrease Java heap size (-Xmx/-Xms)
#   Decrease number of Java threads
#   Decrease Java thread stack sizes (-Xss)
#   JVM is running with Unscaled Compressed Oops mode in which the Java heap is
#     placed in the first 4GB address space. The Java Heap base address is the
#     maximum limit for the native heap growth. Please use -XX:HeapBaseMinAddress
#     to set the Java Heap base and to place the Java Heap above 4GB virtual address.
# This output file may be truncated or incomplete.
#
#  Out of Memory Error (./src/hotspot/share/memory/arena.cpp:81), pid=11184, tid=3908
#
# JRE version: OpenJDK Runtime Environment (11.0.13) (build 11.0.13+0-b1751.21-8125866)
# Java VM: OpenJDK 64-Bit Server VM (11.0.13+0-b1751.21-8125866, mixed mode, tiered, compressed oops, g1 gc, windows-amd64)
# No core dump will be written. Minidumps are not enabled by default on client versions of Windows
#

---------------  S U M M A R Y ------------

Command Line: --add-opens=java.base/java.util=ALL-UNNAMED --add-opens=java.base/java.lang=ALL-UNNAMED --add-opens=java.base/java.lang.invoke=ALL-UNNAMED --add-opens=java.base/java.util=ALL-UNNAMED --add-opens=java.prefs/java.util.prefs=ALL-UNNAMED --add-opens=java.prefs/java.util.prefs=ALL-UNNAMED --add-opens=java.base/java.nio.charset=ALL-UNNAMED --add-opens=java.base/java.net=ALL-UNNAMED --add-opens=java.base/java.util.concurrent.atomic=ALL-UNNAMED -Xmx1536M -Dfile.encoding=windows-1252 -Duser.country=US -Duser.language=en -Duser.variant org.gradle.launcher.daemon.bootstrap.GradleDaemon 7.4

Host: AMD Ryzen 5 3550H with Radeon Vega Mobile Gfx  , 8 cores, 7G,  Windows 10 , 64 bit Build 19041 (10.0.19041.2251)
Time: Thu Nov 24 20:01:55 2022 SE Asia Standard Time elapsed time: 33.905789 seconds (0d 0h 0m 33s)

---------------  T H R E A D  ---------------

Current thread (0x0000029200a5a000):  JavaThread "C1 CompilerThread0" daemon [_thread_in_native, id=3908, stack(0x000000d8c8400000,0x000000d8c8500000)]


Current CompileTask:
C1:  33907 10580       3       sun.management.Util::newObjectName (11 bytes)

Stack: [0x000000d8c8400000,0x000000d8c8500000]
Native frames: (J=compiled Java code, j=interpreted, Vv=VM code, C=native code)
V  [jvm.dll+0x6100fa]
V  [jvm.dll+0x747090]
V  [jvm.dll+0x7486ad]
V  [jvm.dll+0x748d83]
V  [jvm.dll+0x24ab48]
V  [jvm.dll+0xc075b]
V  [jvm.dll+0xc0a0c]
V  [jvm.dll+0x1e3574]
V  [jvm.dll+0x16ba8b]
V  [jvm.dll+0x173cad]
V  [jvm.dll+0x173b42]
V  [jvm.dll+0x16b704]
V  [jvm.dll+0x16a646]
V  [jvm.dll+0x17494f]
V  [jvm.dll+0x16b8eb]
V  [jvm.dll+0x16f092]
V  [jvm.dll+0x128d5c]
V  [jvm.dll+0x128869]
V  [jvm.dll+0x1289d3]
V  [jvm.dll+0x127ce7]
V  [jvm.dll+0x1298b7]
V  [jvm.dll+0x21106b]
V  [jvm.dll+0x20f8c1]
V  [jvm.dll+0x70de0f]
V  [jvm.dll+0x706a75]
V  [jvm.dll+0x60ed66]
C  [ucrtbase.dll+0x21bb2]
C  [KERNEL32.DLL+0x174b4]
C  [ntdll.dll+0x526a1]


---------------  P R O C E S S  ---------------

Threads class SMR info:
_java_thread_list=0x000002920564a0a0, length=135, elements={
0x00000292678c0800, 0x0000029200a2a000, 0x0000029200a35000, 0x0000029200a4b800,
0x0000029200a4d800, 0x0000029200a4f000, 0x0000029200a52800, 0x0000029200a5a000,
0x0000029200a6f000, 0x0000029201407000, 0x000002920204c000, 0x0000029203605800,
0x00000292022f3800, 0x0000029202add800, 0x0000029202cc2000, 0x0000029203847800,
0x0000029203590800, 0x0000029202099800, 0x0000029203386000, 0x000002920381e800,
0x00000292039c8000, 0x00000292039c3000, 0x00000292039c4000, 0x00000292039c7000,
0x00000292039c6800, 0x00000292039c4800, 0x00000292039c2800, 0x00000292039c9000,
0x00000292039c5800, 0x0000029202560000, 0x0000029202561800, 0x000002920255e000,
0x000002920255f000, 0x000002920255d800, 0x0000029202564000, 0x0000029202565000,
0x0000029202569000, 0x0000029202565800, 0x0000029202566800, 0x0000029202563000,
0x000002920256b800, 0x0000029202567000, 0x0000029202568000, 0x000002920256a800,
0x0000029202569800, 0x00000292058f4000, 0x00000292058f0000, 0x00000292058f5000,
0x00000292058ef800, 0x00000292058f2800, 0x00000292058f6000, 0x00000292058f6800,
0x00000292058f1000, 0x00000292058f7800, 0x00000292058f3800, 0x00000292058f1800,
0x00000292058f9000, 0x00000292058fe000, 0x00000292058fa800, 0x00000292058fa000,
0x00000292058fb800, 0x00000292058f8800, 0x00000292058fd000, 0x00000292058fc800,
0x0000029205903800, 0x0000029205900000, 0x0000029205901000, 0x0000029205904000,
0x0000029205901800, 0x0000029205905000, 0x0000029205902800, 0x00000292058ff800,
0x000002920590a800, 0x000002920590a000, 0x0000029205907800, 0x000002920590b800,
0x0000029205909000, 0x0000029205906000, 0x000002920590c800, 0x0000029205906800,
0x000002920590d000, 0x000002920590e000, 0x0000029205908800, 0x0000029205d97000,
0x0000029205d93000, 0x0000029205d95800, 0x0000029205d92800, 0x0000029205d96800,
0x0000029205d95000, 0x0000029205d99800, 0x0000029205d98000, 0x0000029205d99000,
0x0000029205d94000, 0x0000029205d9a800, 0x0000029205d9b800, 0x0000029205d9e000,
0x0000029205d9e800, 0x0000029205d9d000, 0x0000029205da1000, 0x0000029205d9c000,
0x0000029205da0000, 0x0000029205d9f800, 0x0000029205da7000, 0x0000029205da5000,
0x0000029205da6800, 0x0000029205da5800, 0x0000029205da4000, 0x0000029205da8000,
0x0000029205da2800, 0x0000029205da9000, 0x0000029205da3000, 0x0000029205dae800,
0x0000029205daf800, 0x0000029205dae000, 0x0000029205da9800, 0x0000029205db0000,
0x0000029205dad000, 0x0000029205daa800, 0x0000029205dab800, 0x0000029205db1000,
0x0000029205dac000, 0x000002920740b000, 0x0000029207410800, 0x0000029207411800,
0x000002920740c800, 0x000002920740c000, 0x000002920740d800, 0x000002920740f000,
0x000002920740e800, 0x0000029206f90800, 0x0000029206f91800, 0x0000029206f94000,
0x0000029206f93000, 0x0000029206f92800, 0x0000029206f8e000
}

Java Threads: ( => current thread )
  0x00000292678c0800 JavaThread "main" [_thread_blocked, id=19452, stack(0x000000d8c7700000,0x000000d8c7800000)]
  0x0000029200a2a000 JavaThread "Reference Handler" daemon [_thread_blocked, id=26740, stack(0x000000d8c7e00000,0x000000d8c7f00000)]
  0x0000029200a35000 JavaThread "Finalizer" daemon [_thread_blocked, id=7640, stack(0x000000d8c7f00000,0x000000d8c8000000)]
  0x0000029200a4b800 JavaThread "Signal Dispatcher" daemon [_thread_blocked, id=15764, stack(0x000000d8c8000000,0x000000d8c8100000)]
  0x0000029200a4d800 JavaThread "Attach Listener" daemon [_thread_blocked, id=13484, stack(0x000000d8c8100000,0x000000d8c8200000)]
  0x0000029200a4f000 JavaThread "Service Thread" daemon [_thread_blocked, id=13760, stack(0x000000d8c8200000,0x000000d8c8300000)]
  0x0000029200a52800 JavaThread "C2 CompilerThread0" daemon [_thread_in_vm, id=13132, stack(0x000000d8c8300000,0x000000d8c8400000)]
=>0x0000029200a5a000 JavaThread "C1 CompilerThread0" daemon [_thread_in_native, id=3908, stack(0x000000d8c8400000,0x000000d8c8500000)]
  0x0000029200a6f000 JavaThread "Sweeper thread" daemon [_thread_blocked, id=26692, stack(0x000000d8c8500000,0x000000d8c8600000)]
  0x0000029201407000 JavaThread "Common-Cleaner" daemon [_thread_blocked, id=22112, stack(0x000000d8c8600000,0x000000d8c8700000)]
  0x000002920204c000 JavaThread "Daemon health stats" [_thread_blocked, id=22600, stack(0x000000d8c8a00000,0x000000d8c8b00000)]
  0x0000029203605800 JavaThread "Incoming local TCP Connector on port 52596" [_thread_in_native, id=2272, stack(0x000000d8c8900000,0x000000d8c8a00000)]
  0x00000292022f3800 JavaThread "Daemon periodic checks" [_thread_blocked, id=27192, stack(0x000000d8c8b00000,0x000000d8c8c00000)]
  0x0000029202add800 JavaThread "Daemon" [_thread_blocked, id=28252, stack(0x000000d8c8c00000,0x000000d8c8d00000)]
  0x0000029202cc2000 JavaThread "Handler for socket connection from /127.0.0.1:52596 to /127.0.0.1:52597" [_thread_in_native, id=23472, stack(0x000000d8c8d00000,0x000000d8c8e00000)]
  0x0000029203847800 JavaThread "Cancel handler" [_thread_blocked, id=3000, stack(0x000000d8c8e00000,0x000000d8c8f00000)]
  0x0000029203590800 JavaThread "Daemon worker" [_thread_blocked, id=10656, stack(0x000000d8c8f00000,0x000000d8c9000000)]
  0x0000029202099800 JavaThread "Asynchronous log dispatcher for DefaultDaemonConnection: socket connection from /127.0.0.1:52596 to /127.0.0.1:52597" [_thread_blocked, id=12956, stack(0x000000d8c9000000,0x000000d8c9100000)]
  0x0000029203386000 JavaThread "Stdin handler" [_thread_blocked, id=15236, stack(0x000000d8c9100000,0x000000d8c9200000)]
  0x000002920381e800 JavaThread "Daemon client event forwarder" [_thread_blocked, id=15948, stack(0x000000d8c9200000,0x000000d8c9300000)]
  0x00000292039c8000 JavaThread "Cache worker for journal cache (C:\Users\WINDOWS10\.gradle\caches\journal-1)" [_thread_blocked, id=12680, stack(0x000000d8c9a00000,0x000000d8c9b00000)]
  0x00000292039c3000 JavaThread "File lock request listener" [_thread_in_native, id=27304, stack(0x000000d8c9b00000,0x000000d8c9c00000)]
  0x00000292039c4000 JavaThread "Cache worker for file hash cache (C:\Users\WINDOWS10\.gradle\caches\7.4\fileHashes)" [_thread_blocked, id=9104, stack(0x000000d8c9c00000,0x000000d8c9d00000)]
  0x00000292039c7000 JavaThread "File watcher server" daemon [_thread_in_native, id=16892, stack(0x000000d8c9f00000,0x000000d8ca000000)]
  0x00000292039c6800 JavaThread "File watcher consumer" daemon [_thread_blocked, id=19520, stack(0x000000d8ca000000,0x000000d8ca100000)]
  0x00000292039c4800 JavaThread "Cache worker for checksums cache (E:\e-commers App\my_grocery\android\.gradle\7.4\checksums)" [_thread_blocked, id=21232, stack(0x000000d8c9e00000,0x000000d8c9f00000)]
  0x00000292039c2800 JavaThread "Cache worker for cache directory md-rule (C:\Users\WINDOWS10\.gradle\caches\7.4\md-rule)" [_thread_blocked, id=21872, stack(0x000000d8ca100000,0x000000d8ca200000)]
  0x00000292039c9000 JavaThread "Cache worker for file hash cache (E:\e-commers App\my_grocery\android\.gradle\7.4\fileHashes)" [_thread_blocked, id=27708, stack(0x000000d8ca300000,0x000000d8ca400000)]
  0x00000292039c5800 JavaThread "Cache worker for cache directory md-supplier (C:\Users\WINDOWS10\.gradle\caches\7.4\md-supplier)" [_thread_blocked, id=9460, stack(0x000000d8ca400000,0x000000d8ca500000)]
  0x0000029202560000 JavaThread "Cache worker for execution history cache (C:\Users\WINDOWS10\.gradle\caches\7.4\executionHistory)" [_thread_blocked, id=26032, stack(0x000000d8ca500000,0x000000d8ca600000)]
  0x0000029202561800 JavaThread "jar transforms" [_thread_blocked, id=25360, stack(0x000000d8ca600000,0x000000d8ca700000)]
  0x000002920255e000 JavaThread "jar transforms Thread 2" [_thread_blocked, id=21324, stack(0x000000d8ca700000,0x000000d8ca800000)]
  0x000002920255f000 JavaThread "Cache worker for file content cache (C:\Users\WINDOWS10\.gradle\caches\7.4\fileContent)" [_thread_blocked, id=20976, stack(0x000000d8ca800000,0x000000d8ca900000)]
  0x000002920255d800 JavaThread "jar transforms Thread 3" [_thread_blocked, id=17088, stack(0x000000d8ca900000,0x000000d8caa00000)]
  0x0000029202564000 JavaThread "jar transforms Thread 4" [_thread_blocked, id=6116, stack(0x000000d8caa00000,0x000000d8cab00000)]
  0x0000029202565000 JavaThread "Cache worker for dependencies-accessors (E:\e-commers App\my_grocery\android\.gradle\7.4\dependencies-accessors)" [_thread_blocked, id=20960, stack(0x000000d8cab00000,0x000000d8cac00000)]
  0x0000029202569000 JavaThread "jar transforms Thread 5" [_thread_blocked, id=2772, stack(0x000000d8cac00000,0x000000d8cad00000)]
  0x0000029202565800 JavaThread "Cache worker for Build Output Cleanup Cache (E:\e-commers App\my_grocery\android\.gradle\buildOutputCleanup)" [_thread_blocked, id=22140, stack(0x000000d8cad00000,0x000000d8cae00000)]
  0x0000029202566800 JavaThread "Unconstrained build operations" [_thread_blocked, id=15620, stack(0x000000d8cae00000,0x000000d8caf00000)]
  0x0000029202563000 JavaThread "Unconstrained build operations Thread 2" [_thread_blocked, id=28228, stack(0x000000d8caf00000,0x000000d8cb000000)]
  0x000002920256b800 JavaThread "Unconstrained build operations Thread 3" [_thread_blocked, id=11632, stack(0x000000d8cb000000,0x000000d8cb100000)]
  0x0000029202567000 JavaThread "Unconstrained build operations Thread 4" [_thread_blocked, id=20100, stack(0x000000d8cb100000,0x000000d8cb200000)]
  0x0000029202568000 JavaThread "Unconstrained build operations Thread 5" [_thread_blocked, id=28380, stack(0x000000d8cb200000,0x000000d8cb300000)]
  0x000002920256a800 JavaThread "Unconstrained build operations Thread 6" [_thread_blocked, id=8848, stack(0x000000d8cb300000,0x000000d8cb400000)]
  0x0000029202569800 JavaThread "Unconstrained build operations Thread 7" [_thread_blocked, id=14504, stack(0x000000d8cb400000,0x000000d8cb500000)]
  0x00000292058f4000 JavaThread "Unconstrained build operations Thread 8" [_thread_blocked, id=7732, stack(0x000000d8cb500000,0x000000d8cb600000)]
  0x00000292058f0000 JavaThread "Unconstrained build operations Thread 9" [_thread_blocked, id=27756, stack(0x000000d8cb600000,0x000000d8cb700000)]
  0x00000292058f5000 JavaThread "Unconstrained build operations Thread 10" [_thread_blocked, id=13084, stack(0x000000d8cb700000,0x000000d8cb800000)]
  0x00000292058ef800 JavaThread "Unconstrained build operations Thread 11" [_thread_blocked, id=5808, stack(0x000000d8cb800000,0x000000d8cb900000)]
  0x00000292058f2800 JavaThread "Unconstrained build operations Thread 12" [_thread_blocked, id=21560, stack(0x000000d8cb900000,0x000000d8cba00000)]
  0x00000292058f6000 JavaThread "Unconstrained build operations Thread 13" [_thread_blocked, id=22596, stack(0x000000d8cba00000,0x000000d8cbb00000)]
  0x00000292058f6800 JavaThread "Unconstrained build operations Thread 14" [_thread_blocked, id=16848, stack(0x000000d8cbb00000,0x000000d8cbc00000)]
  0x00000292058f1000 JavaThread "Unconstrained build operations Thread 15" [_thread_blocked, id=20108, stack(0x000000d8cbc00000,0x000000d8cbd00000)]
  0x00000292058f7800 JavaThread "Unconstrained build operations Thread 16" [_thread_blocked, id=23668, stack(0x000000d8cbd00000,0x000000d8cbe00000)]
  0x00000292058f3800 JavaThread "Unconstrained build operations Thread 17" [_thread_blocked, id=3892, stack(0x000000d8cbe00000,0x000000d8cbf00000)]
  0x00000292058f1800 JavaThread "Unconstrained build operations Thread 18" [_thread_blocked, id=2312, stack(0x000000d8cbf00000,0x000000d8cc000000)]
  0x00000292058f9000 JavaThread "Unconstrained build operations Thread 19" [_thread_blocked, id=22068, stack(0x000000d8cc000000,0x000000d8cc100000)]
  0x00000292058fe000 JavaThread "Unconstrained build operations Thread 20" [_thread_blocked, id=472, stack(0x000000d8cc100000,0x000000d8cc200000)]
  0x00000292058fa800 JavaThread "Unconstrained build operations Thread 21" [_thread_blocked, id=18504, stack(0x000000d8cc200000,0x000000d8cc300000)]
  0x00000292058fa000 JavaThread "Unconstrained build operations Thread 22" [_thread_blocked, id=21696, stack(0x000000d8cc300000,0x000000d8cc400000)]
  0x00000292058fb800 JavaThread "Unconstrained build operations Thread 23" [_thread_blocked, id=23880, stack(0x000000d8cc400000,0x000000d8cc500000)]
  0x00000292058f8800 JavaThread "Unconstrained build operations Thread 24" [_thread_blocked, id=4884, stack(0x000000d8cc500000,0x000000d8cc600000)]
  0x00000292058fd000 JavaThread "Unconstrained build operations Thread 25" [_thread_blocked, id=11884, stack(0x000000d8cc600000,0x000000d8cc700000)]
  0x00000292058fc800 JavaThread "Unconstrained build operations Thread 26" [_thread_blocked, id=26536, stack(0x000000d8cc700000,0x000000d8cc800000)]
  0x0000029205903800 JavaThread "Unconstrained build operations Thread 27" [_thread_blocked, id=22816, stack(0x000000d8cc800000,0x000000d8cc900000)]
  0x0000029205900000 JavaThread "Unconstrained build operations Thread 28" [_thread_blocked, id=2996, stack(0x000000d8cc900000,0x000000d8cca00000)]
  0x0000029205901000 JavaThread "Unconstrained build operations Thread 29" [_thread_blocked, id=16088, stack(0x000000d8cca00000,0x000000d8ccb00000)]
  0x0000029205904000 JavaThread "Unconstrained build operations Thread 30" [_thread_blocked, id=20008, stack(0x000000d8ccb00000,0x000000d8ccc00000)]
  0x0000029205901800 JavaThread "Unconstrained build operations Thread 31" [_thread_blocked, id=12020, stack(0x000000d8ccc00000,0x000000d8ccd00000)]
  0x0000029205905000 JavaThread "Unconstrained build operations Thread 32" [_thread_blocked, id=17132, stack(0x000000d8ccd00000,0x000000d8cce00000)]
  0x0000029205902800 JavaThread "Unconstrained build operations Thread 33" [_thread_blocked, id=24152, stack(0x000000d8cce00000,0x000000d8ccf00000)]
  0x00000292058ff800 JavaThread "Unconstrained build operations Thread 34" [_thread_blocked, id=2180, stack(0x000000d8ccf00000,0x000000d8cd000000)]
  0x000002920590a800 JavaThread "Unconstrained build operations Thread 35" [_thread_blocked, id=21492, stack(0x000000d8cd000000,0x000000d8cd100000)]
  0x000002920590a000 JavaThread "Unconstrained build operations Thread 36" [_thread_blocked, id=19468, stack(0x000000d8cd100000,0x000000d8cd200000)]
  0x0000029205907800 JavaThread "Unconstrained build operations Thread 37" [_thread_blocked, id=27748, stack(0x000000d8cd200000,0x000000d8cd300000)]
  0x000002920590b800 JavaThread "Unconstrained build operations Thread 38" [_thread_blocked, id=22324, stack(0x000000d8cd300000,0x000000d8cd400000)]
  0x0000029205909000 JavaThread "Unconstrained build operations Thread 39" [_thread_blocked, id=932, stack(0x000000d8cd400000,0x000000d8cd500000)]
  0x0000029205906000 JavaThread "Unconstrained build operations Thread 40" [_thread_blocked, id=10152, stack(0x000000d8cd500000,0x000000d8cd600000)]
  0x000002920590c800 JavaThread "Unconstrained build operations Thread 41" [_thread_blocked, id=1640, stack(0x000000d8cd600000,0x000000d8cd700000)]
  0x0000029205906800 JavaThread "Unconstrained build operations Thread 42" [_thread_blocked, id=4888, stack(0x000000d8cd700000,0x000000d8cd800000)]
  0x000002920590d000 JavaThread "Unconstrained build operations Thread 43" [_thread_blocked, id=8616, stack(0x000000d8cd800000,0x000000d8cd900000)]
  0x000002920590e000 JavaThread "Unconstrained build operations Thread 44" [_thread_blocked, id=28320, stack(0x000000d8cd900000,0x000000d8cda00000)]
  0x0000029205908800 JavaThread "Unconstrained build operations Thread 45" [_thread_blocked, id=27096, stack(0x000000d8cda00000,0x000000d8cdb00000)]
  0x0000029205d97000 JavaThread "Unconstrained build operations Thread 46" [_thread_blocked, id=10884, stack(0x000000d8cdb00000,0x000000d8cdc00000)]
  0x0000029205d93000 JavaThread "Unconstrained build operations Thread 47" [_thread_blocked, id=22036, stack(0x000000d8cdc00000,0x000000d8cdd00000)]
  0x0000029205d95800 JavaThread "Unconstrained build operations Thread 48" [_thread_blocked, id=10272, stack(0x000000d8cdd00000,0x000000d8cde00000)]
  0x0000029205d92800 JavaThread "Unconstrained build operations Thread 49" [_thread_blocked, id=23060, stack(0x000000d8cde00000,0x000000d8cdf00000)]
  0x0000029205d96800 JavaThread "Unconstrained build operations Thread 50" [_thread_blocked, id=12552, stack(0x000000d8cdf00000,0x000000d8ce000000)]
  0x0000029205d95000 JavaThread "Unconstrained build operations Thread 51" [_thread_blocked, id=3156, stack(0x000000d8ce000000,0x000000d8ce100000)]
  0x0000029205d99800 JavaThread "Unconstrained build operations Thread 52" [_thread_blocked, id=24624, stack(0x000000d8ce100000,0x000000d8ce200000)]
  0x0000029205d98000 JavaThread "Unconstrained build operations Thread 53" [_thread_blocked, id=21708, stack(0x000000d8ce200000,0x000000d8ce300000)]
  0x0000029205d99000 JavaThread "Unconstrained build operations Thread 54" [_thread_blocked, id=24444, stack(0x000000d8ce300000,0x000000d8ce400000)]
  0x0000029205d94000 JavaThread "Unconstrained build operations Thread 55" [_thread_blocked, id=1348, stack(0x000000d8ce400000,0x000000d8ce500000)]
  0x0000029205d9a800 JavaThread "Unconstrained build operations Thread 56" [_thread_blocked, id=28400, stack(0x000000d8ce500000,0x000000d8ce600000)]
  0x0000029205d9b800 JavaThread "Unconstrained build operations Thread 57" [_thread_blocked, id=25072, stack(0x000000d8ce600000,0x000000d8ce700000)]
  0x0000029205d9e000 JavaThread "Unconstrained build operations Thread 58" [_thread_blocked, id=13548, stack(0x000000d8ce700000,0x000000d8ce800000)]
  0x0000029205d9e800 JavaThread "Unconstrained build operations Thread 59" [_thread_blocked, id=10572, stack(0x000000d8ce800000,0x000000d8ce900000)]
  0x0000029205d9d000 JavaThread "Unconstrained build operations Thread 60" [_thread_blocked, id=3632, stack(0x000000d8ce900000,0x000000d8cea00000)]
  0x0000029205da1000 JavaThread "Unconstrained build operations Thread 61" [_thread_blocked, id=14260, stack(0x000000d8cea00000,0x000000d8ceb00000)]
  0x0000029205d9c000 JavaThread "Unconstrained build operations Thread 62" [_thread_blocked, id=7092, stack(0x000000d8ceb00000,0x000000d8cec00000)]
  0x0000029205da0000 JavaThread "Unconstrained build operations Thread 63" [_thread_blocked, id=24012, stack(0x000000d8cec00000,0x000000d8ced00000)]
  0x0000029205d9f800 JavaThread "Unconstrained build operations Thread 64" [_thread_blocked, id=2988, stack(0x000000d8ced00000,0x000000d8cee00000)]
  0x0000029205da7000 JavaThread "Unconstrained build operations Thread 65" [_thread_blocked, id=9356, stack(0x000000d8cee00000,0x000000d8cef00000)]
  0x0000029205da5000 JavaThread "Unconstrained build operations Thread 66" [_thread_blocked, id=9596, stack(0x000000d8cef00000,0x000000d8cf000000)]
  0x0000029205da6800 JavaThread "Unconstrained build operations Thread 67" [_thread_blocked, id=9200, stack(0x000000d8cf000000,0x000000d8cf100000)]
  0x0000029205da5800 JavaThread "Unconstrained build operations Thread 68" [_thread_blocked, id=18132, stack(0x000000d8cf100000,0x000000d8cf200000)]
  0x0000029205da4000 JavaThread "Unconstrained build operations Thread 69" [_thread_blocked, id=3932, stack(0x000000d8cf200000,0x000000d8cf300000)]
  0x0000029205da8000 JavaThread "Unconstrained build operations Thread 70" [_thread_blocked, id=22328, stack(0x000000d8cf300000,0x000000d8cf400000)]
  0x0000029205da2800 JavaThread "Unconstrained build operations Thread 71" [_thread_blocked, id=7476, stack(0x000000d8cf400000,0x000000d8cf500000)]
  0x0000029205da9000 JavaThread "Unconstrained build operations Thread 72" [_thread_blocked, id=8640, stack(0x000000d8cf500000,0x000000d8cf600000)]
  0x0000029205da3000 JavaThread "Unconstrained build operations Thread 73" [_thread_blocked, id=13432, stack(0x000000d8cf600000,0x000000d8cf700000)]
  0x0000029205dae800 JavaThread "Unconstrained build operations Thread 74" [_thread_blocked, id=25216, stack(0x000000d8cf700000,0x000000d8cf800000)]
  0x0000029205daf800 JavaThread "Unconstrained build operations Thread 75" [_thread_blocked, id=20148, stack(0x000000d8cf800000,0x000000d8cf900000)]
  0x0000029205dae000 JavaThread "Unconstrained build operations Thread 76" [_thread_blocked, id=8620, stack(0x000000d8cf900000,0x000000d8cfa00000)]
  0x0000029205da9800 JavaThread "Unconstrained build operations Thread 77" [_thread_blocked, id=5232, stack(0x000000d8cfa00000,0x000000d8cfb00000)]
  0x0000029205db0000 JavaThread "Unconstrained build operations Thread 78" [_thread_blocked, id=5616, stack(0x000000d8cfb00000,0x000000d8cfc00000)]
  0x0000029205dad000 JavaThread "Unconstrained build operations Thread 79" [_thread_blocked, id=25556, stack(0x000000d8cfc00000,0x000000d8cfd00000)]
  0x0000029205daa800 JavaThread "Unconstrained build operations Thread 80" [_thread_blocked, id=26628, stack(0x000000d8cfd00000,0x000000d8cfe00000)]
  0x0000029205dab800 JavaThread "jar transforms Thread 6" [_thread_blocked, id=25428, stack(0x000000d8cfe00000,0x000000d8cff00000)]
  0x0000029205db1000 JavaThread "jar transforms Thread 7" [_thread_blocked, id=22228, stack(0x000000d8cff00000,0x000000d8d0000000)]
  0x0000029205dac000 JavaThread "jar transforms Thread 8" [_thread_blocked, id=19892, stack(0x000000d8d0000000,0x000000d8d0100000)]
  0x000002920740b000 JavaThread "Memory manager" [_thread_blocked, id=27624, stack(0x000000d8d0100000,0x000000d8d0200000)]
  0x0000029207410800 JavaThread "build event listener" [_thread_blocked, id=9292, stack(0x000000d8d0200000,0x000000d8d0300000)]
  0x0000029207411800 JavaThread "included builds" [_thread_blocked, id=14692, stack(0x000000d8d0300000,0x000000d8d0400000)]
  0x000002920740c800 JavaThread "Execution worker for ':'" [_thread_blocked, id=3012, stack(0x000000d8d0400000,0x000000d8d0500000)]
  0x000002920740c000 JavaThread "Execution worker for ':' Thread 2" [_thread_blocked, id=18272, stack(0x000000d8d0500000,0x000000d8d0600000)]
  0x000002920740d800 JavaThread "Execution worker for ':' Thread 3" [_thread_blocked, id=13172, stack(0x000000d8d0600000,0x000000d8d0700000)]
  0x000002920740f000 JavaThread "Execution worker for ':' Thread 4" [_thread_blocked, id=13864, stack(0x000000d8d0700000,0x000000d8d0800000)]
  0x000002920740e800 JavaThread "Execution worker for ':' Thread 5" [_thread_blocked, id=2120, stack(0x000000d8d0800000,0x000000d8d0900000)]
  0x0000029206f90800 JavaThread "Execution worker for ':' Thread 6" [_thread_blocked, id=19148, stack(0x000000d8d0900000,0x000000d8d0a00000)]
  0x0000029206f91800 JavaThread "Execution worker for ':' Thread 7" [_thread_blocked, id=20448, stack(0x000000d8d0a00000,0x000000d8d0b00000)]
  0x0000029206f94000 JavaThread "Cache worker for execution history cache (E:\e-commers App\my_grocery\android\.gradle\7.4\executionHistory)" [_thread_blocked, id=9244, stack(0x000000d8d0b00000,0x000000d8d0c00000)]
  0x0000029206f93000 JavaThread "Exec process" [_thread_in_native, id=21996, stack(0x000000d8d0c00000,0x000000d8d0d00000)]
  0x0000029206f92800 JavaThread "Exec process Thread 2" [_thread_in_native, id=15364, stack(0x000000d8d0d00000,0x000000d8d0e00000)]
  0x0000029206f8e000 JavaThread "Exec process Thread 3" [_thread_in_native, id=20296, stack(0x000000d8d0e00000,0x000000d8d0f00000)]

Other Threads:
  0x0000029200a04000 VMThread "VM Thread" [stack: 0x000000d8c7d00000,0x000000d8c7e00000] [id=19100]
  0x000002920141c800 WatcherThread [stack: 0x000000d8c8700000,0x000000d8c8800000] [id=26128]
  0x00000292678da000 GCTaskThread "GC Thread#0" [stack: 0x000000d8c7800000,0x000000d8c7900000] [id=15892]
  0x0000029201906000 GCTaskThread "GC Thread#1" [stack: 0x000000d8c8800000,0x000000d8c8900000] [id=27176]
  0x000002920209a000 GCTaskThread "GC Thread#2" [stack: 0x000000d8c9300000,0x000000d8c9400000] [id=7616]
  0x0000029203689800 GCTaskThread "GC Thread#3" [stack: 0x000000d8c9400000,0x000000d8c9500000] [id=25388]
  0x00000292021aa000 GCTaskThread "GC Thread#4" [stack: 0x000000d8c9500000,0x000000d8c9600000] [id=5404]
  0x00000292038d0000 GCTaskThread "GC Thread#5" [stack: 0x000000d8c9600000,0x000000d8c9700000] [id=10936]
  0x00000292038d0800 GCTaskThread "GC Thread#6" [stack: 0x000000d8c9700000,0x000000d8c9800000] [id=13428]
  0x00000292038c4800 GCTaskThread "GC Thread#7" [stack: 0x000000d8c9800000,0x000000d8c9900000] [id=25480]
  0x00000292678ff800 ConcurrentGCThread "G1 Main Marker" [stack: 0x000000d8c7900000,0x000000d8c7a00000] [id=12104]
  0x0000029267901000 ConcurrentGCThread "G1 Conc#0" [stack: 0x000000d8c7a00000,0x000000d8c7b00000] [id=4396]
  0x00000292031b5800 ConcurrentGCThread "G1 Conc#1" [stack: 0x000000d8c9d00000,0x000000d8c9e00000] [id=21740]
  0x000002926798d800 ConcurrentGCThread "G1 Refine#0" [stack: 0x000000d8c7b00000,0x000000d8c7c00000] [id=19908]
  0x00000292038c5000 ConcurrentGCThread "G1 Refine#1" [stack: 0x000000d8c9900000,0x000000d8c9a00000] [id=23300]
  0x000002926798e800 ConcurrentGCThread "G1 Young RemSet Sampling" [stack: 0x000000d8c7c00000,0x000000d8c7d00000] [id=27128]

Threads with active compile tasks:
C2 CompilerThread0  34160 10583       4       java.util.concurrent.ThreadPoolExecutor::workerCountOf (5 bytes)
C1 CompilerThread0  34160 10580       3       sun.management.Util::newObjectName (11 bytes)

VM state:not at safepoint (normal execution)

VM Mutex/Monitor currently owned by a thread: None

Heap address: 0x00000000a0000000, size: 1536 MB, Compressed Oops mode: 32-bit
Narrow klass base: 0x0000000000000000, Narrow klass shift: 3
Compressed class space size: 1073741824 Address: 0x0000000100000000

Heap:
 garbage-first heap   total 177152K, used 114658K [0x00000000a0000000, 0x0000000100000000)
  region size 1024K, 10 young (10240K), 3 survivors (3072K)
 Metaspace       used 89425K, capacity 92279K, committed 92424K, reserved 1128448K
  class space    used 11719K, capacity 12738K, committed 12800K, reserved 1048576K
Heap Regions: E=young(eden), S=young(survivor), O=old, HS=humongous(starts), HC=humongous(continues), CS=collection set, F=free, A=archive, TAMS=top-at-mark-start (previous, next)
|   0|0x00000000a0000000, 0x00000000a0100000, 0x00000000a0100000|100%| O|  |TAMS 0x00000000a0100000, 0x00000000a0000000| Untracked 
|   1|0x00000000a0100000, 0x00000000a0200000, 0x00000000a0200000|100%| O|  |TAMS 0x00000000a0200000, 0x00000000a0100000| Untracked 
|   2|0x00000000a0200000, 0x00000000a0300000, 0x00000000a0300000|100%| O|  |TAMS 0x00000000a0300000, 0x00000000a0200000| Untracked 
|   3|0x00000000a0300000, 0x00000000a0400000, 0x00000000a0400000|100%|HS|  |TAMS 0x00000000a0400000, 0x00000000a0300000| Complete 
|   4|0x00000000a0400000, 0x00000000a0500000, 0x00000000a0500000|100%|HC|  |TAMS 0x00000000a0500000, 0x00000000a0400000| Complete 
|   5|0x00000000a0500000, 0x00000000a0600000, 0x00000000a0600000|100%|HC|  |TAMS 0x00000000a0600000, 0x00000000a0500000| Complete 
|   6|0x00000000a0600000, 0x00000000a0700000, 0x00000000a0700000|100%| O|  |TAMS 0x00000000a0700000, 0x00000000a0600000| Untracked 
|   7|0x00000000a0700000, 0x00000000a0800000, 0x00000000a0800000|100%| O|  |TAMS 0x00000000a0800000, 0x00000000a0700000| Untracked 
|   8|0x00000000a0800000, 0x00000000a0900000, 0x00000000a0900000|100%| O|  |TAMS 0x00000000a0900000, 0x00000000a0800000| Untracked 
|   9|0x00000000a0900000, 0x00000000a0a00000, 0x00000000a0a00000|100%| O|  |TAMS 0x00000000a0a00000, 0x00000000a0900000| Untracked 
|  10|0x00000000a0a00000, 0x00000000a0b00000, 0x00000000a0b00000|100%| O|  |TAMS 0x00000000a0b00000, 0x00000000a0a00000| Untracked 
|  11|0x00000000a0b00000, 0x00000000a0c00000, 0x00000000a0c00000|100%| O|  |TAMS 0x00000000a0c00000, 0x00000000a0b00000| Untracked 
|  12|0x00000000a0c00000, 0x00000000a0d00000, 0x00000000a0d00000|100%| O|  |TAMS 0x00000000a0d00000, 0x00000000a0c00000| Untracked 
|  13|0x00000000a0d00000, 0x00000000a0e00000, 0x00000000a0e00000|100%| O|  |TAMS 0x00000000a0e00000, 0x00000000a0d00000| Untracked 
|  14|0x00000000a0e00000, 0x00000000a0f00000, 0x00000000a0f00000|100%| O|  |TAMS 0x00000000a0f00000, 0x00000000a0e00000| Untracked 
|  15|0x00000000a0f00000, 0x00000000a1000000, 0x00000000a1000000|100%| O|  |TAMS 0x00000000a1000000, 0x00000000a0f00000| Untracked 
|  16|0x00000000a1000000, 0x00000000a1100000, 0x00000000a1100000|100%| O|  |TAMS 0x00000000a1100000, 0x00000000a1000000| Untracked 
|  17|0x00000000a1100000, 0x00000000a1200000, 0x00000000a1200000|100%|HS|  |TAMS 0x00000000a1200000, 0x00000000a1100000| Complete 
|  18|0x00000000a1200000, 0x00000000a1300000, 0x00000000a1300000|100%| O|  |TAMS 0x00000000a1300000, 0x00000000a1200000| Untracked 
|  19|0x00000000a1300000, 0x00000000a1400000, 0x00000000a1400000|100%| O|  |TAMS 0x00000000a1400000, 0x00000000a1300000| Untracked 
|  20|0x00000000a1400000, 0x00000000a1500000, 0x00000000a1500000|100%| O|  |TAMS 0x00000000a1500000, 0x00000000a1400000| Untracked 
|  21|0x00000000a1500000, 0x00000000a1600000, 0x00000000a1600000|100%| O|  |TAMS 0x00000000a1600000, 0x00000000a1500000| Untracked 
|  22|0x00000000a1600000, 0x00000000a1700000, 0x00000000a1700000|100%| O|  |TAMS 0x00000000a1700000, 0x00000000a1600000| Untracked 
|  23|0x00000000a1700000, 0x00000000a1800000, 0x00000000a1800000|100%| O|  |TAMS 0x00000000a1800000, 0x00000000a1700000| Untracked 
|  24|0x00000000a1800000, 0x00000000a1900000, 0x00000000a1900000|100%| O|  |TAMS 0x00000000a1900000, 0x00000000a1800000| Untracked 
|  25|0x00000000a1900000, 0x00000000a1a00000, 0x00000000a1a00000|100%| O|  |TAMS 0x00000000a1a00000, 0x00000000a1900000| Untracked 
|  26|0x00000000a1a00000, 0x00000000a1b00000, 0x00000000a1b00000|100%| O|  |TAMS 0x00000000a1b00000, 0x00000000a1a00000| Untracked 
|  27|0x00000000a1b00000, 0x00000000a1c00000, 0x00000000a1c00000|100%|HS|  |TAMS 0x00000000a1c00000, 0x00000000a1b00000| Complete 
|  28|0x00000000a1c00000, 0x00000000a1d00000, 0x00000000a1d00000|100%|HS|  |TAMS 0x00000000a1d00000, 0x00000000a1c00000| Complete 
|  29|0x00000000a1d00000, 0x00000000a1e00000, 0x00000000a1e00000|100%|HS|  |TAMS 0x00000000a1e00000, 0x00000000a1d00000| Complete 
|  30|0x00000000a1e00000, 0x00000000a1f00000, 0x00000000a1f00000|100%|HS|  |TAMS 0x00000000a1f00000, 0x00000000a1e00000| Complete 
|  31|0x00000000a1f00000, 0x00000000a2000000, 0x00000000a2000000|100%|HC|  |TAMS 0x00000000a2000000, 0x00000000a1f00000| Complete 
|  32|0x00000000a2000000, 0x00000000a2100000, 0x00000000a2100000|100%|HC|  |TAMS 0x00000000a2100000, 0x00000000a2000000| Complete 
|  33|0x00000000a2100000, 0x00000000a2200000, 0x00000000a2200000|100%|HS|  |TAMS 0x00000000a2200000, 0x00000000a2100000| Complete 
|  34|0x00000000a2200000, 0x00000000a2300000, 0x00000000a2300000|100%|HC|  |TAMS 0x00000000a2300000, 0x00000000a2200000| Complete 
|  35|0x00000000a2300000, 0x00000000a2400000, 0x00000000a2400000|100%| O|  |TAMS 0x00000000a2400000, 0x00000000a2300000| Untracked 
|  36|0x00000000a2400000, 0x00000000a2500000, 0x00000000a2500000|100%| O|  |TAMS 0x00000000a2500000, 0x00000000a2400000| Untracked 
|  37|0x00000000a2500000, 0x00000000a2600000, 0x00000000a2600000|100%| O|  |TAMS 0x00000000a2600000, 0x00000000a2500000| Untracked 
|  38|0x00000000a2600000, 0x00000000a2700000, 0x00000000a2700000|100%| O|  |TAMS 0x00000000a2700000, 0x00000000a2600000| Untracked 
|  39|0x00000000a2700000, 0x00000000a2800000, 0x00000000a2800000|100%| O|  |TAMS 0x00000000a2800000, 0x00000000a2700000| Untracked 
|  40|0x00000000a2800000, 0x00000000a2900000, 0x00000000a2900000|100%| O|  |TAMS 0x00000000a2900000, 0x00000000a2800000| Untracked 
|  41|0x00000000a2900000, 0x00000000a2a00000, 0x00000000a2a00000|100%| O|  |TAMS 0x00000000a2a00000, 0x00000000a2900000| Untracked 
|  42|0x00000000a2a00000, 0x00000000a2b00000, 0x00000000a2b00000|100%| O|  |TAMS 0x00000000a2b00000, 0x00000000a2a00000| Untracked 
|  43|0x00000000a2b00000, 0x00000000a2c00000, 0x00000000a2c00000|100%| O|  |TAMS 0x00000000a2c00000, 0x00000000a2b00000| Untracked 
|  44|0x00000000a2c00000, 0x00000000a2d00000, 0x00000000a2d00000|100%| O|  |TAMS 0x00000000a2d00000, 0x00000000a2c00000| Untracked 
|  45|0x00000000a2d00000, 0x00000000a2e00000, 0x00000000a2e00000|100%| O|  |TAMS 0x00000000a2e00000, 0x00000000a2d00000| Untracked 
|  46|0x00000000a2e00000, 0x00000000a2f00000, 0x00000000a2f00000|100%| O|  |TAMS 0x00000000a2f00000, 0x00000000a2e00000| Untracked 
|  47|0x00000000a2f00000, 0x00000000a3000000, 0x00000000a3000000|100%| O|  |TAMS 0x00000000a3000000, 0x00000000a2f00000| Untracked 
|  48|0x00000000a3000000, 0x00000000a3100000, 0x00000000a3100000|100%| O|  |TAMS 0x00000000a3100000, 0x00000000a3000000| Untracked 
|  49|0x00000000a3100000, 0x00000000a3200000, 0x00000000a3200000|100%| O|  |TAMS 0x00000000a3200000, 0x00000000a3100000| Untracked 
|  50|0x00000000a3200000, 0x00000000a3300000, 0x00000000a3300000|100%| O|  |TAMS 0x00000000a3300000, 0x00000000a3200000| Untracked 
|  51|0x00000000a3300000, 0x00000000a3400000, 0x00000000a3400000|100%| O|  |TAMS 0x00000000a3400000, 0x00000000a3300000| Untracked 
|  52|0x00000000a3400000, 0x00000000a3500000, 0x00000000a3500000|100%| O|  |TAMS 0x00000000a3500000, 0x00000000a3400000| Untracked 
|  53|0x00000000a3500000, 0x00000000a3600000, 0x00000000a3600000|100%| O|  |TAMS 0x00000000a3600000, 0x00000000a3500000| Untracked 
|  54|0x00000000a3600000, 0x00000000a3700000, 0x00000000a3700000|100%| O|  |TAMS 0x00000000a3700000, 0x00000000a3600000| Untracked 
|  55|0x00000000a3700000, 0x00000000a3800000, 0x00000000a3800000|100%| O|  |TAMS 0x00000000a3800000, 0x00000000a3700000| Untracked 
|  56|0x00000000a3800000, 0x00000000a3900000, 0x00000000a3900000|100%|HS|  |TAMS 0x00000000a3900000, 0x00000000a3800000| Complete 
|  57|0x00000000a3900000, 0x00000000a3a00000, 0x00000000a3a00000|100%|HS|  |TAMS 0x00000000a3a00000, 0x00000000a3900000| Complete 
|  58|0x00000000a3a00000, 0x00000000a3b00000, 0x00000000a3b00000|100%|HC|  |TAMS 0x00000000a3b00000, 0x00000000a3a00000| Complete 
|  59|0x00000000a3b00000, 0x00000000a3c00000, 0x00000000a3c00000|100%| O|  |TAMS 0x00000000a3c00000, 0x00000000a3b00000| Untracked 
|  60|0x00000000a3c00000, 0x00000000a3d00000, 0x00000000a3d00000|100%| O|  |TAMS 0x00000000a3d00000, 0x00000000a3c00000| Untracked 
|  61|0x00000000a3d00000, 0x00000000a3e00000, 0x00000000a3e00000|100%| O|  |TAMS 0x00000000a3e00000, 0x00000000a3d00000| Untracked 
|  62|0x00000000a3e00000, 0x00000000a3f00000, 0x00000000a3f00000|100%| O|  |TAMS 0x00000000a3f00000, 0x00000000a3e00000| Untracked 
|  63|0x00000000a3f00000, 0x00000000a4000000, 0x00000000a4000000|100%| O|  |TAMS 0x00000000a4000000, 0x00000000a3f00000| Untracked 
|  64|0x00000000a4000000, 0x00000000a4100000, 0x00000000a4100000|100%| O|  |TAMS 0x00000000a4100000, 0x00000000a4000000| Untracked 
|  65|0x00000000a4100000, 0x00000000a4200000, 0x00000000a4200000|100%| O|  |TAMS 0x00000000a4200000, 0x00000000a4100000| Untracked 
|  66|0x00000000a4200000, 0x00000000a4300000, 0x00000000a4300000|100%| O|  |TAMS 0x00000000a4300000, 0x00000000a4200000| Untracked 
|  67|0x00000000a4300000, 0x00000000a4400000, 0x00000000a4400000|100%| O|  |TAMS 0x00000000a4400000, 0x00000000a4300000| Untracked 
|  68|0x00000000a4400000, 0x00000000a4500000, 0x00000000a4500000|100%| O|  |TAMS 0x00000000a4500000, 0x00000000a4400000| Untracked 
|  69|0x00000000a4500000, 0x00000000a4600000, 0x00000000a4600000|100%| O|  |TAMS 0x00000000a4600000, 0x00000000a4500000| Untracked 
|  70|0x00000000a4600000, 0x00000000a4700000, 0x00000000a4700000|100%| O|  |TAMS 0x00000000a4700000, 0x00000000a4600000| Untracked 
|  71|0x00000000a4700000, 0x00000000a4800000, 0x00000000a4800000|100%| O|  |TAMS 0x00000000a4800000, 0x00000000a4700000| Untracked 
|  72|0x00000000a4800000, 0x00000000a4900000, 0x00000000a4900000|100%| O|  |TAMS 0x00000000a4900000, 0x00000000a4800000| Untracked 
|  73|0x00000000a4900000, 0x00000000a4a00000, 0x00000000a4a00000|100%| O|  |TAMS 0x00000000a4a00000, 0x00000000a4900000| Untracked 
|  74|0x00000000a4a00000, 0x00000000a4b00000, 0x00000000a4b00000|100%| O|  |TAMS 0x00000000a4b00000, 0x00000000a4a00000| Untracked 
|  75|0x00000000a4b00000, 0x00000000a4c00000, 0x00000000a4c00000|100%| O|  |TAMS 0x00000000a4c00000, 0x00000000a4b00000| Untracked 
|  76|0x00000000a4c00000, 0x00000000a4d00000, 0x00000000a4d00000|100%| O|  |TAMS 0x00000000a4d00000, 0x00000000a4c00000| Untracked 
|  77|0x00000000a4d00000, 0x00000000a4e00000, 0x00000000a4e00000|100%| O|  |TAMS 0x00000000a4e00000, 0x00000000a4d00000| Untracked 
|  78|0x00000000a4e00000, 0x00000000a4f00000, 0x00000000a4f00000|100%| O|  |TAMS 0x00000000a4f00000, 0x00000000a4e00000| Untracked 
|  79|0x00000000a4f00000, 0x00000000a5000000, 0x00000000a5000000|100%| O|  |TAMS 0x00000000a5000000, 0x00000000a4f00000| Untracked 
|  80|0x00000000a5000000, 0x00000000a5100000, 0x00000000a5100000|100%|HS|  |TAMS 0x00000000a5100000, 0x00000000a5000000| Complete 
|  81|0x00000000a5100000, 0x00000000a5200000, 0x00000000a5200000|100%|HS|  |TAMS 0x00000000a5200000, 0x00000000a5100000| Complete 
|  82|0x00000000a5200000, 0x00000000a5300000, 0x00000000a5300000|100%| O|  |TAMS 0x00000000a5300000, 0x00000000a5200000| Untracked 
|  83|0x00000000a5300000, 0x00000000a5400000, 0x00000000a5400000|100%| O|  |TAMS 0x00000000a5400000, 0x00000000a5300000| Untracked 
|  84|0x00000000a5400000, 0x00000000a5500000, 0x00000000a5500000|100%| O|  |TAMS 0x00000000a5500000, 0x00000000a5400000| Untracked 
|  85|0x00000000a5500000, 0x00000000a5600000, 0x00000000a5600000|100%| O|  |TAMS 0x00000000a5600000, 0x00000000a5500000| Untracked 
|  86|0x00000000a5600000, 0x00000000a5700000, 0x00000000a5700000|100%| O|  |TAMS 0x00000000a5700000, 0x00000000a5600000| Untracked 
|  87|0x00000000a5700000, 0x00000000a5800000, 0x00000000a5800000|100%| O|  |TAMS 0x00000000a5800000, 0x00000000a5700000| Untracked 
|  88|0x00000000a5800000, 0x00000000a5900000, 0x00000000a5900000|100%| O|  |TAMS 0x00000000a5900000, 0x00000000a5800000| Untracked 
|  89|0x00000000a5900000, 0x00000000a5a00000, 0x00000000a5a00000|100%| O|  |TAMS 0x00000000a5a00000, 0x00000000a5900000| Untracked 
|  90|0x00000000a5a00000, 0x00000000a5b00000, 0x00000000a5b00000|100%| O|  |TAMS 0x00000000a5b00000, 0x00000000a5a00000| Untracked 
|  91|0x00000000a5b00000, 0x00000000a5c00000, 0x00000000a5c00000|100%| O|  |TAMS 0x00000000a5c00000, 0x00000000a5b00000| Untracked 
|  92|0x00000000a5c00000, 0x00000000a5d00000, 0x00000000a5d00000|100%| O|  |TAMS 0x00000000a5d00000, 0x00000000a5c00000| Untracked 
|  93|0x00000000a5d00000, 0x00000000a5e00000, 0x00000000a5e00000|100%| O|  |TAMS 0x00000000a5e00000, 0x00000000a5d00000| Untracked 
|  94|0x00000000a5e00000, 0x00000000a5f00000, 0x00000000a5f00000|100%| O|  |TAMS 0x00000000a5f00000, 0x00000000a5e00000| Untracked 
|  95|0x00000000a5f00000, 0x00000000a6000000, 0x00000000a6000000|100%| O|  |TAMS 0x00000000a6000000, 0x00000000a5f00000| Untracked 
|  96|0x00000000a6000000, 0x00000000a6100000, 0x00000000a6100000|100%| O|  |TAMS 0x00000000a6100000, 0x00000000a6000000| Untracked 
|  97|0x00000000a6100000, 0x00000000a6200000, 0x00000000a6200000|100%| O|  |TAMS 0x00000000a6200000, 0x00000000a6100000| Untracked 
|  98|0x00000000a6200000, 0x00000000a6300000, 0x00000000a6300000|100%| O|  |TAMS 0x00000000a6300000, 0x00000000a6200000| Untracked 
|  99|0x00000000a6300000, 0x00000000a6400000, 0x00000000a6400000|100%| O|  |TAMS 0x00000000a6400000, 0x00000000a6300000| Untracked 
| 100|0x00000000a6400000, 0x00000000a6500000, 0x00000000a6500000|100%| O|  |TAMS 0x00000000a6500000, 0x00000000a6400000| Untracked 
| 101|0x00000000a6500000, 0x00000000a6600000, 0x00000000a6600000|100%| O|  |TAMS 0x00000000a6600000, 0x00000000a6500000| Untracked 
| 102|0x00000000a6600000, 0x00000000a6700000, 0x00000000a6700000|100%| O|  |TAMS 0x00000000a6700000, 0x00000000a6600000| Untracked 
| 103|0x00000000a6700000, 0x00000000a6781a00, 0x00000000a6800000| 50%| O|  |TAMS 0x00000000a6781a00, 0x00000000a6700000| Untracked 
| 104|0x00000000a6800000, 0x00000000a6800000, 0x00000000a6900000|  0%| F|  |TAMS 0x00000000a6800000, 0x00000000a6800000| Untracked 
| 105|0x00000000a6900000, 0x00000000a6900000, 0x00000000a6a00000|  0%| F|  |TAMS 0x00000000a6900000, 0x00000000a6900000| Untracked 
| 106|0x00000000a6a00000, 0x00000000a6a00000, 0x00000000a6b00000|  0%| F|  |TAMS 0x00000000a6a00000, 0x00000000a6a00000| Untracked 
| 107|0x00000000a6b00000, 0x00000000a6b00000, 0x00000000a6c00000|  0%| F|  |TAMS 0x00000000a6b00000, 0x00000000a6b00000| Untracked 
| 108|0x00000000a6c00000, 0x00000000a6c00000, 0x00000000a6d00000|  0%| F|  |TAMS 0x00000000a6c00000, 0x00000000a6c00000| Untracked 
| 109|0x00000000a6d00000, 0x00000000a6d00000, 0x00000000a6e00000|  0%| F|  |TAMS 0x00000000a6d00000, 0x00000000a6d00000| Untracked 
| 110|0x00000000a6e00000, 0x00000000a6e00000, 0x00000000a6f00000|  0%| F|  |TAMS 0x00000000a6e00000, 0x00000000a6e00000| Untracked 
| 111|0x00000000a6f00000, 0x00000000a6f00000, 0x00000000a7000000|  0%| F|  |TAMS 0x00000000a6f00000, 0x00000000a6f00000| Untracked 
| 112|0x00000000a7000000, 0x00000000a7000000, 0x00000000a7100000|  0%| F|  |TAMS 0x00000000a7000000, 0x00000000a7000000| Untracked 
| 113|0x00000000a7100000, 0x00000000a7100000, 0x00000000a7200000|  0%| F|  |TAMS 0x00000000a7100000, 0x00000000a7100000| Untracked 
| 114|0x00000000a7200000, 0x00000000a7200000, 0x00000000a7300000|  0%| F|  |TAMS 0x00000000a7200000, 0x00000000a7200000| Untracked 
| 115|0x00000000a7300000, 0x00000000a7300000, 0x00000000a7400000|  0%| F|  |TAMS 0x00000000a7300000, 0x00000000a7300000| Untracked 
| 116|0x00000000a7400000, 0x00000000a7400000, 0x00000000a7500000|  0%| F|  |TAMS 0x00000000a7400000, 0x00000000a7400000| Untracked 
| 117|0x00000000a7500000, 0x00000000a7500000, 0x00000000a7600000|  0%| F|  |TAMS 0x00000000a7500000, 0x00000000a7500000| Untracked 
| 118|0x00000000a7600000, 0x00000000a7600000, 0x00000000a7700000|  0%| F|  |TAMS 0x00000000a7600000, 0x00000000a7600000| Untracked 
| 119|0x00000000a7700000, 0x00000000a7700000, 0x00000000a7800000|  0%| F|  |TAMS 0x00000000a7700000, 0x00000000a7700000| Untracked 
| 120|0x00000000a7800000, 0x00000000a7800000, 0x00000000a7900000|  0%| F|  |TAMS 0x00000000a7800000, 0x00000000a7800000| Untracked 
| 121|0x00000000a7900000, 0x00000000a7900000, 0x00000000a7a00000|  0%| F|  |TAMS 0x00000000a7900000, 0x00000000a7900000| Untracked 
| 122|0x00000000a7a00000, 0x00000000a7a00000, 0x00000000a7b00000|  0%| F|  |TAMS 0x00000000a7a00000, 0x00000000a7a00000| Untracked 
| 123|0x00000000a7b00000, 0x00000000a7b00000, 0x00000000a7c00000|  0%| F|  |TAMS 0x00000000a7b00000, 0x00000000a7b00000| Untracked 
| 124|0x00000000a7c00000, 0x00000000a7c00000, 0x00000000a7d00000|  0%| F|  |TAMS 0x00000000a7c00000, 0x00000000a7c00000| Untracked 
| 125|0x00000000a7d00000, 0x00000000a7d00000, 0x00000000a7e00000|  0%| F|  |TAMS 0x00000000a7d00000, 0x00000000a7d00000| Untracked 
| 126|0x00000000a7e00000, 0x00000000a7e00000, 0x00000000a7f00000|  0%| F|  |TAMS 0x00000000a7e00000, 0x00000000a7e00000| Untracked 
| 127|0x00000000a7f00000, 0x00000000a7f00000, 0x00000000a8000000|  0%| F|  |TAMS 0x00000000a7f00000, 0x00000000a7f00000| Untracked 
| 128|0x00000000a8000000, 0x00000000a8000000, 0x00000000a8100000|  0%| F|  |TAMS 0x00000000a8000000, 0x00000000a8000000| Untracked 
| 129|0x00000000a8100000, 0x00000000a8100000, 0x00000000a8200000|  0%| F|  |TAMS 0x00000000a8100000, 0x00000000a8100000| Untracked 
| 130|0x00000000a8200000, 0x00000000a8200000, 0x00000000a8300000|  0%| F|  |TAMS 0x00000000a8200000, 0x00000000a8200000| Untracked 
| 131|0x00000000a8300000, 0x00000000a8300000, 0x00000000a8400000|  0%| F|  |TAMS 0x00000000a8300000, 0x00000000a8300000| Untracked 
| 132|0x00000000a8400000, 0x00000000a8400000, 0x00000000a8500000|  0%| F|  |TAMS 0x00000000a8400000, 0x00000000a8400000| Untracked 
| 133|0x00000000a8500000, 0x00000000a8500000, 0x00000000a8600000|  0%| F|  |TAMS 0x00000000a8500000, 0x00000000a8500000| Untracked 
| 134|0x00000000a8600000, 0x00000000a8600000, 0x00000000a8700000|  0%| F|  |TAMS 0x00000000a8600000, 0x00000000a8600000| Untracked 
| 135|0x00000000a8700000, 0x00000000a8700000, 0x00000000a8800000|  0%| F|  |TAMS 0x00000000a8700000, 0x00000000a8700000| Untracked 
| 136|0x00000000a8800000, 0x00000000a8877038, 0x00000000a8900000| 46%| S|CS|TAMS 0x00000000a8800000, 0x00000000a8800000| Complete 
| 137|0x00000000a8900000, 0x00000000a8a00000, 0x00000000a8a00000|100%| S|CS|TAMS 0x00000000a8900000, 0x00000000a8900000| Complete 
| 138|0x00000000a8a00000, 0x00000000a8b00000, 0x00000000a8b00000|100%| S|CS|TAMS 0x00000000a8a00000, 0x00000000a8a00000| Complete 
| 139|0x00000000a8b00000, 0x00000000a8b00000, 0x00000000a8c00000|  0%| F|  |TAMS 0x00000000a8b00000, 0x00000000a8b00000| Untracked 
| 140|0x00000000a8c00000, 0x00000000a8c00000, 0x00000000a8d00000|  0%| F|  |TAMS 0x00000000a8c00000, 0x00000000a8c00000| Untracked 
| 141|0x00000000a8d00000, 0x00000000a8d00000, 0x00000000a8e00000|  0%| F|  |TAMS 0x00000000a8d00000, 0x00000000a8d00000| Untracked 
| 142|0x00000000a8e00000, 0x00000000a8e00000, 0x00000000a8f00000|  0%| F|  |TAMS 0x00000000a8e00000, 0x00000000a8e00000| Untracked 
| 143|0x00000000a8f00000, 0x00000000a8f00000, 0x00000000a9000000|  0%| F|  |TAMS 0x00000000a8f00000, 0x00000000a8f00000| Untracked 
| 144|0x00000000a9000000, 0x00000000a9000000, 0x00000000a9100000|  0%| F|  |TAMS 0x00000000a9000000, 0x00000000a9000000| Untracked 
| 145|0x00000000a9100000, 0x00000000a9100000, 0x00000000a9200000|  0%| F|  |TAMS 0x00000000a9100000, 0x00000000a9100000| Untracked 
| 146|0x00000000a9200000, 0x00000000a9200000, 0x00000000a9300000|  0%| F|  |TAMS 0x00000000a9200000, 0x00000000a9200000| Untracked 
| 147|0x00000000a9300000, 0x00000000a9300000, 0x00000000a9400000|  0%| F|  |TAMS 0x00000000a9300000, 0x00000000a9300000| Untracked 
| 148|0x00000000a9400000, 0x00000000a9400000, 0x00000000a9500000|  0%| F|  |TAMS 0x00000000a9400000, 0x00000000a9400000| Untracked 
| 149|0x00000000a9500000, 0x00000000a9500000, 0x00000000a9600000|  0%| F|  |TAMS 0x00000000a9500000, 0x00000000a9500000| Untracked 
| 150|0x00000000a9600000, 0x00000000a9600000, 0x00000000a9700000|  0%| F|  |TAMS 0x00000000a9600000, 0x00000000a9600000| Untracked 
| 151|0x00000000a9700000, 0x00000000a9700000, 0x00000000a9800000|  0%| F|  |TAMS 0x00000000a9700000, 0x00000000a9700000| Untracked 
| 152|0x00000000a9800000, 0x00000000a9800000, 0x00000000a9900000|  0%| F|  |TAMS 0x00000000a9800000, 0x00000000a9800000| Untracked 
| 153|0x00000000a9900000, 0x00000000a9900000, 0x00000000a9a00000|  0%| F|  |TAMS 0x00000000a9900000, 0x00000000a9900000| Untracked 
| 154|0x00000000a9a00000, 0x00000000a9a00000, 0x00000000a9b00000|  0%| F|  |TAMS 0x00000000a9a00000, 0x00000000a9a00000| Untracked 
| 155|0x00000000a9b00000, 0x00000000a9b00000, 0x00000000a9c00000|  0%| F|  |TAMS 0x00000000a9b00000, 0x00000000a9b00000| Untracked 
| 156|0x00000000a9c00000, 0x00000000a9c00000, 0x00000000a9d00000|  0%| F|  |TAMS 0x00000000a9c00000, 0x00000000a9c00000| Untracked 
| 157|0x00000000a9d00000, 0x00000000a9d00000, 0x00000000a9e00000|  0%| F|  |TAMS 0x00000000a9d00000, 0x00000000a9d00000| Untracked 
| 158|0x00000000a9e00000, 0x00000000a9e00000, 0x00000000a9f00000|  0%| F|  |TAMS 0x00000000a9e00000, 0x00000000a9e00000| Untracked 
| 159|0x00000000a9f00000, 0x00000000a9f00000, 0x00000000aa000000|  0%| F|  |TAMS 0x00000000a9f00000, 0x00000000a9f00000| Untracked 
| 160|0x00000000aa000000, 0x00000000aa000000, 0x00000000aa100000|  0%| F|  |TAMS 0x00000000aa000000, 0x00000000aa000000| Untracked 
| 161|0x00000000aa100000, 0x00000000aa100000, 0x00000000aa200000|  0%| F|  |TAMS 0x00000000aa100000, 0x00000000aa100000| Untracked 
| 162|0x00000000aa200000, 0x00000000aa200000, 0x00000000aa300000|  0%| F|  |TAMS 0x00000000aa200000, 0x00000000aa200000| Untracked 
| 163|0x00000000aa300000, 0x00000000aa300000, 0x00000000aa400000|  0%| F|  |TAMS 0x00000000aa300000, 0x00000000aa300000| Untracked 
| 164|0x00000000aa400000, 0x00000000aa400000, 0x00000000aa500000|  0%| F|  |TAMS 0x00000000aa400000, 0x00000000aa400000| Untracked 
| 165|0x00000000aa500000, 0x00000000aa500000, 0x00000000aa600000|  0%| F|  |TAMS 0x00000000aa500000, 0x00000000aa500000| Untracked 
| 166|0x00000000aa600000, 0x00000000aa6a1be0, 0x00000000aa700000| 63%| E|  |TAMS 0x00000000aa600000, 0x00000000aa600000| Complete 
| 167|0x00000000aa700000, 0x00000000aa800000, 0x00000000aa800000|100%| E|CS|TAMS 0x00000000aa700000, 0x00000000aa700000| Complete 
| 168|0x00000000aa800000, 0x00000000aa900000, 0x00000000aa900000|100%| E|CS|TAMS 0x00000000aa800000, 0x00000000aa800000| Complete 
| 169|0x00000000aa900000, 0x00000000aaa00000, 0x00000000aaa00000|100%| E|CS|TAMS 0x00000000aa900000, 0x00000000aa900000| Complete 
| 170|0x00000000aaa00000, 0x00000000aab00000, 0x00000000aab00000|100%| E|CS|TAMS 0x00000000aaa00000, 0x00000000aaa00000| Complete 
| 171|0x00000000aab00000, 0x00000000aac00000, 0x00000000aac00000|100%| E|CS|TAMS 0x00000000aab00000, 0x00000000aab00000| Complete 
| 172|0x00000000aac00000, 0x00000000aad00000, 0x00000000aad00000|100%| E|CS|TAMS 0x00000000aac00000, 0x00000000aac00000| Complete 

Card table byte_map: [0x000002927a900000,0x000002927ac00000] _byte_map_base: 0x000002927a400000

Marking Bits (Prev, Next): (CMBitMap*) 0x00000292678f8bb8, (CMBitMap*) 0x00000292678f8bf0
 Prev Bits: [0x000002927af00000, 0x000002927c700000)
 Next Bits: [0x000002927c700000, 0x000002927df00000)

Polling page: 0x00000292656d0000

Metaspace:

Usage:
  Non-class:     77.68 MB capacity,    75.88 MB ( 98%) used,     1.54 MB (  2%) free+waste,   260.19 KB ( <1%) overhead. 
      Class:     12.44 MB capacity,    11.44 MB ( 92%) used,   897.16 KB (  7%) free+waste,   121.25 KB ( <1%) overhead. 
       Both:     90.12 MB capacity,    87.33 MB ( 97%) used,     2.41 MB (  3%) free+waste,   381.44 KB ( <1%) overhead. 

Virtual space:
  Non-class space:       78.00 MB reserved,      77.76 MB (>99%) committed 
      Class space:        1.00 GB reserved,      12.50 MB (  1%) committed 
             Both:        1.08 GB reserved,      90.26 MB (  8%) committed 

Chunk freelists:
   Non-Class:  19.00 KB
       Class:  0 bytes
        Both:  19.00 KB

MaxMetaspaceSize: 17179869184.00 GB
CompressedClassSpaceSize: 1.00 GB
Initial GC threshold: 20.80 MB
Current GC threshold: 150.02 MB
CDS: off

CodeHeap 'non-profiled nmethods': size=120000Kb used=6593Kb max_used=6593Kb free=113406Kb
 bounds [0x0000029272eb0000, 0x0000029273530000, 0x000002927a3e0000]
CodeHeap 'profiled nmethods': size=120000Kb used=22343Kb max_used=22343Kb free=97656Kb
 bounds [0x000002926b980000, 0x000002926cf60000, 0x0000029272eb0000]
CodeHeap 'non-nmethods': size=5760Kb used=2366Kb max_used=2422Kb free=3393Kb
 bounds [0x000002926b3e0000, 0x000002926b650000, 0x000002926b980000]
 total_blobs=11338 nmethods=10450 adapters=800
 compilation: enabled
              stopped_count=0, restarted_count=0
 full_count=0

Compilation events (20 events):
Event: 26.744 Thread 0x0000029200a5a000 nmethod 10570 0x000002926cf4d210 code [0x000002926cf4d3c0, 0x000002926cf4d518]
Event: 27.746 Thread 0x0000029200a52800 10571       4       java.util.HashMap$HashMapSpliterator::getFence (53 bytes)
Event: 27.746 Thread 0x0000029200a5a000 10572       3       javax.management.ObjectName::getInstance (9 bytes)
Event: 27.746 Thread 0x0000029200a5a000 nmethod 10572 0x000002926cf4d590 code [0x000002926cf4d760, 0x000002926cf4d988]
Event: 27.746 Thread 0x0000029200a5a000 10573       3       java.util.ArrayList::spliterator (12 bytes)
Event: 27.746 Thread 0x0000029200a5a000 nmethod 10573 0x000002926cf4da90 code [0x000002926cf4dc60, 0x000002926cf4ded8]
Event: 27.746 Thread 0x0000029200a5a000 10574       3       java.util.ArrayList$ArrayListSpliterator::<init> (26 bytes)
Event: 27.746 Thread 0x0000029200a5a000 nmethod 10574 0x000002926cf4e010 code [0x000002926cf4e1c0, 0x000002926cf4e378]
Event: 27.747 Thread 0x0000029200a52800 nmethod 10571 0x0000029273520290 code [0x0000029273520420, 0x00000292735204b8]
Event: 28.748 Thread 0x0000029200a5a000 10575       3       java.util.Collections$EmptyList::spliterator (4 bytes)
Event: 28.748 Thread 0x0000029200a5a000 nmethod 10575 0x000002926cf4e490 code [0x000002926cf4e640, 0x000002926cf4e798]
Event: 28.748 Thread 0x0000029200a5a000 10576       3       java.util.Spliterators$EmptySpliterator$OfRef::forEachRemaining (6 bytes)
Event: 28.749 Thread 0x0000029200a5a000 nmethod 10576 0x000002926cf4e890 code [0x000002926cf4ea60, 0x000002926cf4ed08]
Event: 30.753 Thread 0x0000029200a5a000 10577   !   3       sun.management.Util::newObjectName (15 bytes)
Event: 30.753 Thread 0x0000029200a5a000 nmethod 10577 0x000002926cf4ee10 code [0x000002926cf4f000, 0x000002926cf4f378]
Event: 31.746 Thread 0x0000029200a5a000 10578       3       java.lang.invoke.DelegatingMethodHandle$Holder::reinvoke_L (18 bytes)
Event: 31.746 Thread 0x0000029200a5a000 nmethod 10578 0x000002926cf4f510 code [0x000002926cf4f6e0, 0x000002926cf4fbd8]
Event: 31.746 Thread 0x0000029200a5a000 10579       3       java.lang.invoke.LambdaForm$MH/0x000000010017e840::invoke (240 bytes)
Event: 31.747 Thread 0x0000029200a5a000 nmethod 10579 0x000002926cf4fd10 code [0x000002926cf50000, 0x000002926cf516f8]
Event: 31.747 Thread 0x0000029200a5a000 10580       3       sun.management.Util::newObjectName (11 bytes)

GC Heap History (20 events):
Event: 16.745 GC heap before
{Heap before GC invocations=30 (full 0):
 garbage-first heap   total 122880K, used 101097K [0x00000000a0000000, 0x0000000100000000)
  region size 1024K, 29 young (29696K), 4 survivors (4096K)
 Metaspace       used 75299K, capacity 77327K, committed 77576K, reserved 1116160K
  class space    used 9713K, capacity 10474K, committed 10496K, reserved 1048576K
}
Event: 16.753 GC heap after
{Heap after GC invocations=31 (full 0):
 garbage-first heap   total 147456K, used 78928K [0x00000000a0000000, 0x0000000100000000)
  region size 1024K, 4 young (4096K), 4 survivors (4096K)
 Metaspace       used 75299K, capacity 77327K, committed 77576K, reserved 1116160K
  class space    used 9713K, capacity 10474K, committed 10496K, reserved 1048576K
}
Event: 17.381 GC heap before
{Heap before GC invocations=31 (full 0):
 garbage-first heap   total 147456K, used 114768K [0x00000000a0000000, 0x0000000100000000)
  region size 1024K, 39 young (39936K), 4 survivors (4096K)
 Metaspace       used 76830K, capacity 79075K, committed 79112K, reserved 1118208K
  class space    used 9914K, capacity 10744K, committed 10752K, reserved 1048576K
}
Event: 17.390 GC heap after
{Heap after GC invocations=32 (full 0):
 garbage-first heap   total 147456K, used 81866K [0x00000000a0000000, 0x0000000100000000)
  region size 1024K, 5 young (5120K), 5 survivors (5120K)
 Metaspace       used 76830K, capacity 79075K, committed 79112K, reserved 1118208K
  class space    used 9914K, capacity 10744K, committed 10752K, reserved 1048576K
}
Event: 17.727 GC heap before
{Heap before GC invocations=33 (full 0):
 garbage-first heap   total 147456K, used 90058K [0x00000000a0000000, 0x0000000100000000)
  region size 1024K, 14 young (14336K), 5 survivors (5120K)
 Metaspace       used 77176K, capacity 79415K, committed 79752K, reserved 1118208K
  class space    used 9959K, capacity 10790K, committed 10880K, reserved 1048576K
}
Event: 17.741 GC heap after
{Heap after GC invocations=34 (full 0):
 garbage-first heap   total 147456K, used 83210K [0x00000000a0000000, 0x0000000100000000)
  region size 1024K, 2 young (2048K), 2 survivors (2048K)
 Metaspace       used 77176K, capacity 79415K, committed 79752K, reserved 1118208K
  class space    used 9959K, capacity 10790K, committed 10880K, reserved 1048576K
}
Event: 17.917 GC heap before
{Heap before GC invocations=35 (full 0):
 garbage-first heap   total 147456K, used 88330K [0x00000000a0000000, 0x0000000100000000)
  region size 1024K, 7 young (7168K), 2 survivors (2048K)
 Metaspace       used 77183K, capacity 79418K, committed 79752K, reserved 1118208K
  class space    used 9959K, capacity 10790K, committed 10880K, reserved 1048576K
}
Event: 17.923 GC heap after
{Heap after GC invocations=36 (full 0):
 garbage-first heap   total 147456K, used 87903K [0x00000000a0000000, 0x0000000100000000)
  region size 1024K, 4 young (4096K), 4 survivors (4096K)
 Metaspace       used 77183K, capacity 79418K, committed 79752K, reserved 1118208K
  class space    used 9959K, capacity 10790K, committed 10880K, reserved 1048576K
}
Event: 18.489 GC heap before
{Heap before GC invocations=37 (full 0):
 garbage-first heap   total 147456K, used 111455K [0x00000000a0000000, 0x0000000100000000)
  region size 1024K, 27 young (27648K), 4 survivors (4096K)
 Metaspace       used 78128K, capacity 80573K, committed 80648K, reserved 1120256K
  class space    used 10131K, capacity 10980K, committed 11008K, reserved 1048576K
}
Event: 18.496 GC heap after
{Heap after GC invocations=38 (full 0):
 garbage-first heap   total 177152K, used 91308K [0x00000000a0000000, 0x0000000100000000)
  region size 1024K, 4 young (4096K), 4 survivors (4096K)
 Metaspace       used 78128K, capacity 80573K, committed 80648K, reserved 1120256K
  class space    used 10131K, capacity 10980K, committed 11008K, reserved 1048576K
}
Event: 19.478 GC heap before
{Heap before GC invocations=38 (full 0):
 garbage-first heap   total 177152K, used 127148K [0x00000000a0000000, 0x0000000100000000)
  region size 1024K, 39 young (39936K), 4 survivors (4096K)
 Metaspace       used 80017K, capacity 82454K, committed 82824K, reserved 1120256K
  class space    used 10385K, capacity 11273K, committed 11392K, reserved 1048576K
}
Event: 19.500 GC heap after
{Heap after GC invocations=39 (full 0):
 garbage-first heap   total 177152K, used 95358K [0x00000000a0000000, 0x0000000100000000)
  region size 1024K, 5 young (5120K), 5 survivors (5120K)
 Metaspace       used 80017K, capacity 82454K, committed 82824K, reserved 1120256K
  class space    used 10385K, capacity 11273K, committed 11392K, reserved 1048576K
}
Event: 20.339 GC heap before
{Heap before GC invocations=40 (full 0):
 garbage-first heap   total 177152K, used 131198K [0x00000000a0000000, 0x0000000100000000)
  region size 1024K, 40 young (40960K), 5 survivors (5120K)
 Metaspace       used 83115K, capacity 85629K, committed 85768K, reserved 1124352K
  class space    used 10829K, capacity 11745K, committed 11776K, reserved 1048576K
}
Event: 20.348 GC heap after
{Heap after GC invocations=41 (full 0):
 garbage-first heap   total 177152K, used 97725K [0x00000000a0000000, 0x0000000100000000)
  region size 1024K, 3 young (3072K), 3 survivors (3072K)
 Metaspace       used 83115K, capacity 85629K, committed 85768K, reserved 1124352K
  class space    used 10829K, capacity 11745K, committed 11776K, reserved 1048576K
}
Event: 21.287 GC heap before
{Heap before GC invocations=41 (full 0):
 garbage-first heap   total 177152K, used 134589K [0x00000000a0000000, 0x0000000100000000)
  region size 1024K, 39 young (39936K), 3 survivors (3072K)
 Metaspace       used 86050K, capacity 88667K, committed 88968K, reserved 1126400K
  class space    used 11169K, capacity 12114K, committed 12160K, reserved 1048576K
}
Event: 21.297 GC heap after
{Heap after GC invocations=42 (full 0):
 garbage-first heap   total 177152K, used 101881K [0x00000000a0000000, 0x0000000100000000)
  region size 1024K, 5 young (5120K), 5 survivors (5120K)
 Metaspace       used 86050K, capacity 88667K, committed 88968K, reserved 1126400K
  class space    used 11169K, capacity 12114K, committed 12160K, reserved 1048576K
}
Event: 22.340 GC heap before
{Heap before GC invocations=43 (full 0):
 garbage-first heap   total 177152K, used 137721K [0x00000000a0000000, 0x0000000100000000)
  region size 1024K, 41 young (41984K), 5 survivors (5120K)
 Metaspace       used 88390K, capacity 91071K, committed 91144K, reserved 1128448K
  class space    used 11533K, capacity 12503K, committed 12544K, reserved 1048576K
}
Event: 22.352 GC heap after
{Heap after GC invocations=44 (full 0):
 garbage-first heap   total 177152K, used 106128K [0x00000000a0000000, 0x0000000100000000)
  region size 1024K, 5 young (5120K), 5 survivors (5120K)
 Metaspace       used 88390K, capacity 91071K, committed 91144K, reserved 1128448K
  class space    used 11533K, capacity 12503K, committed 12544K, reserved 1048576K
}
Event: 23.245 GC heap before
{Heap before GC invocations=44 (full 0):
 garbage-first heap   total 177152K, used 139920K [0x00000000a0000000, 0x0000000100000000)
  region size 1024K, 39 young (39936K), 5 survivors (5120K)
 Metaspace       used 89091K, capacity 91858K, committed 92168K, reserved 1128448K
  class space    used 11665K, capacity 12681K, committed 12800K, reserved 1048576K
}
Event: 23.258 GC heap after
{Heap after GC invocations=45 (full 0):
 garbage-first heap   total 177152K, used 108514K [0x00000000a0000000, 0x0000000100000000)
  region size 1024K, 3 young (3072K), 3 survivors (3072K)
 Metaspace       used 89091K, capacity 91858K, committed 92168K, reserved 1128448K
  class space    used 11665K, capacity 12681K, committed 12800K, reserved 1048576K
}

Deoptimization events (20 events):
Event: 23.241 Thread 0x0000029207411800 Uncommon trap: trap_request=0xffffff4d fr.pc=0x0000029273181f6c relative=0x00000000000007ec
Event: 23.241 Thread 0x0000029207411800 Uncommon trap: reason=unstable_if action=reinterpret pc=0x0000029273181f6c method=org.gradle.internal.snapshot.VfsRelativePath.compareToFirstSegment(Ljava/lang/String;Lorg/gradle/internal/snapshot/CaseSensitivity;)I @ 134 c2
Event: 23.241 Thread 0x0000029207411800 DEOPT PACKING pc=0x0000029273181f6c sp=0x000000d8d03f9c80
Event: 23.241 Thread 0x0000029207411800 DEOPT UNPACKING pc=0x000002926b42a1af sp=0x000000d8d03f9c00 mode 2
Event: 23.241 Thread 0x0000029207411800 Uncommon trap: trap_request=0xffffffde fr.pc=0x00000292734f7b20 relative=0x00000000000009a0
Event: 23.241 Thread 0x0000029207411800 Uncommon trap: reason=class_check action=maybe_recompile pc=0x00000292734f7b20 method=org.gradle.internal.snapshot.ChildMap$Entry.handleAncestorDescendantOrExactMatch(Lorg/gradle/internal/snapshot/VfsRelativePath;Lorg/gradle/internal/snapshot/CaseSensitiv
Event: 23.241 Thread 0x0000029207411800 DEOPT PACKING pc=0x00000292734f7b20 sp=0x000000d8d03f9c80
Event: 23.241 Thread 0x0000029207411800 DEOPT UNPACKING pc=0x000002926b42a1af sp=0x000000d8d03f9c68 mode 2
Event: 23.243 Thread 0x0000029207411800 Uncommon trap: trap_request=0xffffffc6 fr.pc=0x00000292734de2ac relative=0x0000000000000e6c
Event: 23.243 Thread 0x0000029207411800 Uncommon trap: reason=bimorphic_or_optimized_type_check action=maybe_recompile pc=0x00000292734de2ac method=org.gradle.internal.snapshot.AbstractListChildMap.withReplacedChild(ILjava/lang/String;Ljava/lang/Object;)Lorg/gradle/internal/snapshot/ChildMap; @
Event: 23.243 Thread 0x0000029207411800 DEOPT PACKING pc=0x00000292734de2ac sp=0x000000d8d03f9d40
Event: 23.243 Thread 0x0000029207411800 DEOPT UNPACKING pc=0x000002926b42a1af sp=0x000000d8d03f9d18 mode 2
Event: 23.260 Thread 0x0000029207411800 Uncommon trap: trap_request=0xffffffde fr.pc=0x00000292734f7b20 relative=0x00000000000009a0
Event: 23.260 Thread 0x0000029207411800 Uncommon trap: reason=class_check action=maybe_recompile pc=0x00000292734f7b20 method=org.gradle.internal.snapshot.ChildMap$Entry.handleAncestorDescendantOrExactMatch(Lorg/gradle/internal/snapshot/VfsRelativePath;Lorg/gradle/internal/snapshot/CaseSensitiv
Event: 23.260 Thread 0x0000029207411800 DEOPT PACKING pc=0x00000292734f7b20 sp=0x000000d8d03fa0f0
Event: 23.260 Thread 0x0000029207411800 DEOPT UNPACKING pc=0x000002926b42a1af sp=0x000000d8d03fa0d8 mode 2
Event: 23.261 Thread 0x0000029207411800 Uncommon trap: trap_request=0xffffff4d fr.pc=0x00000292734de19c relative=0x0000000000000d5c
Event: 23.261 Thread 0x0000029207411800 Uncommon trap: reason=unstable_if action=reinterpret pc=0x00000292734de19c method=org.gradle.internal.snapshot.AbstractListChildMap.withReplacedChild(ILjava/lang/String;Ljava/lang/Object;)Lorg/gradle/internal/snapshot/ChildMap; @ 36 c2
Event: 23.261 Thread 0x0000029207411800 DEOPT PACKING pc=0x00000292734de19c sp=0x000000d8d03fa1d0
Event: 23.261 Thread 0x0000029207411800 DEOPT UNPACKING pc=0x000002926b42a1af sp=0x000000d8d03fa1b0 mode 2

Classes redefined (0 events):
No events

Internal exceptions (20 events):
Event: 23.367 Thread 0x0000029207411800 Exception <a 'java/lang/ClassNotFoundException'{0x00000000aaa50fd0}: org/gradle/process/internal/DefaultExecActionBeanInfo> (0x00000000aaa50fd0) thrown at [./src/hotspot/share/classfile/systemDictionary.cpp, line 231]
Event: 23.370 Thread 0x0000029207411800 Exception <a 'java/lang/ClassNotFoundException'{0x00000000aaa81af0}: org/gradle/process/internal/DefaultExecHandleBuilderBeanInfo> (0x00000000aaa81af0) thrown at [./src/hotspot/share/classfile/systemDictionary.cpp, line 231]
Event: 23.375 Thread 0x0000029207411800 Exception <a 'java/lang/ClassNotFoundException'{0x00000000aaab2f50}: org/gradle/process/internal/AbstractExecHandleBuilderBeanInfo> (0x00000000aaab2f50) thrown at [./src/hotspot/share/classfile/systemDictionary.cpp, line 231]
Event: 23.377 Thread 0x0000029207411800 Exception <a 'java/lang/ClassNotFoundException'{0x00000000aaae4688}: org/gradle/process/internal/DefaultProcessForkOptionsBeanInfo> (0x00000000aaae4688) thrown at [./src/hotspot/share/classfile/systemDictionary.cpp, line 231]
Event: 23.380 Thread 0x0000029207411800 Exception <a 'java/lang/ClassNotFoundException'{0x00000000aa9166c8}: org/gradle/process/internal/DefaultProcessForkOptionsCustomizer> (0x00000000aa9166c8) thrown at [./src/hotspot/share/classfile/systemDictionary.cpp, line 231]
Event: 23.383 Thread 0x0000029207411800 Exception <a 'java/lang/ClassNotFoundException'{0x00000000aa954c00}: org/gradle/process/internal/AbstractExecHandleBuilderCustomizer> (0x00000000aa954c00) thrown at [./src/hotspot/share/classfile/systemDictionary.cpp, line 231]
Event: 23.385 Thread 0x0000029207411800 Exception <a 'java/lang/ClassNotFoundException'{0x00000000aa997608}: org/gradle/process/internal/DefaultExecHandleBuilderCustomizer> (0x00000000aa997608) thrown at [./src/hotspot/share/classfile/systemDictionary.cpp, line 231]
Event: 23.424 Thread 0x0000029207411800 Exception <a 'java/lang/ClassNotFoundException'{0x00000000aa9f1bb0}: org/gradle/process/internal/DefaultExecActionCustomizer> (0x00000000aa9f1bb0) thrown at [./src/hotspot/share/classfile/systemDictionary.cpp, line 231]
Event: 23.430 Thread 0x0000029207411800 Exception <a 'java/lang/ClassNotFoundException'{0x00000000aa82bc58}: org/gradle/process/internal/DefaultExecAction_DecoratedCustomizer> (0x00000000aa82bc58) thrown at [./src/hotspot/share/classfile/systemDictionary.cpp, line 231]
Event: 23.449 Thread 0x0000029207411800 Exception <a 'java/lang/ClassNotFoundException'{0x00000000aa882f40}: org/gradle/api/logging/LogLevelBeanInfo> (0x00000000aa882f40) thrown at [./src/hotspot/share/classfile/systemDictionary.cpp, line 231]
Event: 23.452 Thread 0x0000029207411800 Exception <a 'java/lang/ClassNotFoundException'{0x00000000aa8ab3c0}: org/gradle/api/logging/LogLevelCustomizer> (0x00000000aa8ab3c0) thrown at [./src/hotspot/share/classfile/systemDictionary.cpp, line 231]
Event: 23.477 Thread 0x0000029207411800 Exception <a 'java/lang/ClassNotFoundException'{0x00000000aa71c070}: org/gradle/internal/logging/services/DefaultLoggingManagerBeanInfo> (0x00000000aa71c070) thrown at [./src/hotspot/share/classfile/systemDictionary.cpp, line 231]
Event: 23.484 Thread 0x0000029207411800 Exception <a 'java/lang/ClassNotFoundException'{0x00000000aa74dee0}: org/gradle/internal/logging/services/DefaultLoggingManagerCustomizer> (0x00000000aa74dee0) thrown at [./src/hotspot/share/classfile/systemDictionary.cpp, line 231]
Event: 23.499 Thread 0x0000029207411800 Exception <a 'java/lang/ClassNotFoundException'{0x00000000aa7889d8}: java/lang/BooleanBeanInfo> (0x00000000aa7889d8) thrown at [./src/hotspot/share/classfile/systemDictionary.cpp, line 231]
Event: 23.501 Thread 0x0000029207411800 Exception <a 'java/lang/ClassNotFoundException'{0x00000000aa793210}: java/lang/BooleanCustomizer> (0x00000000aa793210) thrown at [./src/hotspot/share/classfile/systemDictionary.cpp, line 231]
Event: 23.585 Thread 0x0000029206f93000 Exception <a 'java/lang/NoSuchMethodError'{0x00000000aa60d810}: 'void java.lang.invoke.DirectMethodHandle$Holder.invokeStatic(java.lang.Object, long)'> (0x00000000aa60d810) thrown at [./src/hotspot/share/interpreter/linkResolver.cpp, line 773]
Event: 23.585 Thread 0x0000029206f93000 Exception <a 'java/lang/NoSuchMethodError'{0x00000000aa612ac8}: 'java.lang.Object java.lang.invoke.DirectMethodHandle$Holder.invokeStatic(java.lang.Object, long)'> (0x00000000aa612ac8) thrown at [./src/hotspot/share/interpreter/linkResolver.cpp, line 773]
Event: 23.589 Thread 0x0000029206f93000 Exception <a 'java/lang/NoSuchMethodError'{0x00000000aa620f78}: 'java.lang.Object java.lang.invoke.DirectMethodHandle$Holder.invokeStaticInit(java.lang.Object, java.lang.Object, long, java.lang.Object)'> (0x00000000aa620f78) thrown at [./src/hotspot/share/interpreter/linkResolver.cpp, line 773]
Event: 23.589 Thread 0x0000029206f93000 Exception <a 'java/lang/NoSuchMethodError'{0x00000000aa626e68}: 'java.lang.Object java.lang.invoke.DirectMethodHandle$Holder.invokeStatic(java.lang.Object, java.lang.Object, long)'> (0x00000000aa626e68) thrown at [./src/hotspot/share/interpreter/linkResolver.cpp, line 773]
Event: 23.591 Thread 0x0000029206f93000 Exception <a 'java/lang/NoSuchMethodError'{0x00000000aa62d388}: 'java.lang.Object java.lang.invoke.Invokers$Holder.linkToTargetMethod(java.lang.Object, long, java.lang.Object)'> (0x00000000aa62d388) thrown at [./src/hotspot/share/interpreter/linkResolver.cpp, line 773]

Events (20 events):
Event: 23.541 Thread 0x0000029206f93000 Thread added: 0x0000029206f93000
Event: 23.541 loading class java/lang/ProcessBuilder
Event: 23.542 loading class java/lang/ProcessBuilder done
Event: 23.542 loading class net/rubygrapefruit/platform/internal/jni/WindowsHandleFunctions
Event: 23.542 loading class net/rubygrapefruit/platform/internal/jni/WindowsHandleFunctions done
Event: 23.544 loading class java/lang/ProcessImpl
Event: 23.546 loading class java/lang/ProcessImpl done
Event: 23.586 loading class java/lang/ProcessHandleImpl
Event: 23.587 loading class java/lang/ProcessHandleImpl done
Event: 23.592 loading class java/lang/ProcessImpl$2
Event: 23.592 loading class java/lang/ProcessImpl$2 done
Event: 23.592 loading class java/lang/Process$PipeInputStream
Event: 23.592 loading class java/lang/Process$PipeInputStream done
Event: 23.592 Executing VM operation: Deoptimize
Event: 23.594 Executing VM operation: Deoptimize done
Event: 23.599 loading class org/gradle/process/internal/streams/ExecOutputHandleRunner
Event: 23.599 loading class org/gradle/process/internal/streams/ExecOutputHandleRunner done
Event: 23.606 Thread 0x0000029206f92800 Thread added: 0x0000029206f92800
Event: 23.607 Thread 0x0000029206f8e000 Thread added: 0x0000029206f8e000
Event: 24.747 Thread 0x0000029205774800 Thread exited: 0x0000029205774800


Dynamic libraries:
0x00007ff614640000 - 0x00007ff61464a000 	C:\Program Files\Android\Android Studio\jre\bin\java.exe
0x00007ffa376f0000 - 0x00007ffa378e8000 	C:\WINDOWS\SYSTEM32\ntdll.dll
0x00007ffa36af0000 - 0x00007ffa36baf000 	C:\WINDOWS\System32\KERNEL32.DLL
0x00007ffa35130000 - 0x00007ffa35402000 	C:\WINDOWS\System32\KERNELBASE.dll
0x00007ffa35440000 - 0x00007ffa35540000 	C:\WINDOWS\System32\ucrtbase.dll
0x00007ffa258f0000 - 0x00007ffa25909000 	C:\Program Files\Android\Android Studio\jre\bin\jli.dll
0x00007ffa2d270000 - 0x00007ffa2d287000 	C:\Program Files\Android\Android Studio\jre\bin\VCRUNTIME140.dll
0x00007ffa35b30000 - 0x00007ffa35ccd000 	C:\WINDOWS\System32\USER32.dll
0x00007ffa35410000 - 0x00007ffa35432000 	C:\WINDOWS\System32\win32u.dll
0x00007ffa36960000 - 0x00007ffa3698b000 	C:\WINDOWS\System32\GDI32.dll
0x00007ffa34f70000 - 0x00007ffa3507f000 	C:\WINDOWS\System32\gdi32full.dll
0x00007ffa34df0000 - 0x00007ffa34e8d000 	C:\WINDOWS\System32\msvcp_win.dll
0x00007ffa34200000 - 0x00007ffa3449a000 	C:\WINDOWS\WinSxS\amd64_microsoft.windows.common-controls_6595b64144ccf1df_6.0.19041.1110_none_60b5254171f9507e\COMCTL32.dll
0x00007ffa35cd0000 - 0x00007ffa35d6e000 	C:\WINDOWS\System32\msvcrt.dll
0x00007ffa36bc0000 - 0x00007ffa36bf2000 	C:\WINDOWS\System32\IMM32.DLL
0x00007ff9f9900000 - 0x00007ff9f999d000 	C:\Program Files\Android\Android Studio\jre\bin\msvcp140.dll
0x00007ff9efad0000 - 0x00007ff9f05d2000 	C:\Program Files\Android\Android Studio\jre\bin\server\jvm.dll
0x00007ffa357a0000 - 0x00007ffa3584e000 	C:\WINDOWS\System32\ADVAPI32.dll
0x00007ffa37480000 - 0x00007ffa3751c000 	C:\WINDOWS\System32\sechost.dll
0x00007ffa36c00000 - 0x00007ffa36d25000 	C:\WINDOWS\System32\RPCRT4.dll
0x00007ffa359f0000 - 0x00007ffa359f8000 	C:\WINDOWS\System32\PSAPI.DLL
0x00007ffa29210000 - 0x00007ffa29237000 	C:\WINDOWS\SYSTEM32\WINMM.dll
0x00007ffa1f9e0000 - 0x00007ffa1f9e9000 	C:\WINDOWS\SYSTEM32\WSOCK32.dll
0x00007ffa36990000 - 0x00007ffa369fb000 	C:\WINDOWS\System32\WS2_32.dll
0x00007ffa31b60000 - 0x00007ffa31b6a000 	C:\WINDOWS\SYSTEM32\VERSION.dll
0x00007ffa31ec0000 - 0x00007ffa31ed2000 	C:\WINDOWS\SYSTEM32\kernel.appcore.dll
0x00007ffa2eb10000 - 0x00007ffa2eb21000 	C:\Program Files\Android\Android Studio\jre\bin\verify.dll
0x00007ffa347a0000 - 0x00007ffa34984000 	C:\WINDOWS\SYSTEM32\DBGHELP.DLL
0x00007ffa345d0000 - 0x00007ffa345fc000 	C:\WINDOWS\SYSTEM32\dbgcore.DLL
0x00007ffa34e90000 - 0x00007ffa34f12000 	C:\WINDOWS\System32\bcryptPrimitives.dll
0x00007ffa2e7d0000 - 0x00007ffa2e7f9000 	C:\Program Files\Android\Android Studio\jre\bin\java.dll
0x00007ffa31800000 - 0x00007ffa3180b000 	C:\Program Files\Android\Android Studio\jre\bin\jimage.dll
0x00007ffa2e7b0000 - 0x00007ffa2e7c8000 	C:\Program Files\Android\Android Studio\jre\bin\zip.dll
0x00007ffa36210000 - 0x00007ffa36953000 	C:\WINDOWS\System32\SHELL32.dll
0x00007ffa321c0000 - 0x00007ffa32952000 	C:\WINDOWS\SYSTEM32\windows.storage.dll
0x00007ffa35d70000 - 0x00007ffa360c4000 	C:\WINDOWS\System32\combase.dll
0x00007ffa34160000 - 0x00007ffa34190000 	C:\WINDOWS\SYSTEM32\Wldp.dll
0x00007ffa37600000 - 0x00007ffa376ad000 	C:\WINDOWS\System32\SHCORE.dll
0x00007ffa358c0000 - 0x00007ffa35915000 	C:\WINDOWS\System32\shlwapi.dll
0x00007ffa34d30000 - 0x00007ffa34d4f000 	C:\WINDOWS\SYSTEM32\profapi.dll
0x00007ffa2e5e0000 - 0x00007ffa2e5fa000 	C:\Program Files\Android\Android Studio\jre\bin\net.dll
0x00007ffa2a3c0000 - 0x00007ffa2a4cc000 	C:\WINDOWS\SYSTEM32\WINHTTP.dll
0x00007ffa34030000 - 0x00007ffa3409a000 	C:\WINDOWS\system32\mswsock.dll
0x00007ffa2d980000 - 0x00007ffa2d994000 	C:\Program Files\Android\Android Studio\jre\bin\nio.dll
0x00007ffa14c20000 - 0x00007ffa14c47000 	C:\Users\WINDOWS10\.gradle\native\e1d6ef7f7dcc3fd88c89a11ec53ec762bb8ba0a96d01ffa2cd45eb1d1d8dd5c5\windows-amd64\native-platform.dll
0x00007ff9f3fe0000 - 0x00007ff9f4124000 	C:\Users\WINDOWS10\.gradle\native\0d407fdbe67a94daf76414ababcb853783967236a71b16ec16e742cd7a986fd3\windows-amd64\native-platform-file-events.dll
0x00007ffa30450000 - 0x00007ffa3045a000 	C:\Program Files\Android\Android Studio\jre\bin\management.dll
0x00007ffa2f920000 - 0x00007ffa2f92d000 	C:\Program Files\Android\Android Studio\jre\bin\management_ext.dll
0x00007ffa34b80000 - 0x00007ffa34b98000 	C:\WINDOWS\SYSTEM32\CRYPTSP.dll
0x00007ffa33840000 - 0x00007ffa33874000 	C:\WINDOWS\system32\rsaenh.dll
0x00007ffa35540000 - 0x00007ffa35567000 	C:\WINDOWS\System32\bcrypt.dll
0x00007ffa34cb0000 - 0x00007ffa34cde000 	C:\WINDOWS\SYSTEM32\USERENV.dll
0x00007ffa34120000 - 0x00007ffa3412c000 	C:\WINDOWS\SYSTEM32\CRYPTBASE.dll
0x00007ffa33bb0000 - 0x00007ffa33beb000 	C:\WINDOWS\SYSTEM32\IPHLPAPI.DLL
0x00007ffa358b0000 - 0x00007ffa358b8000 	C:\WINDOWS\System32\NSI.dll
0x00007ffa2c640000 - 0x00007ffa2c657000 	C:\WINDOWS\SYSTEM32\dhcpcsvc6.DLL
0x00007ffa2c5d0000 - 0x00007ffa2c5ed000 	C:\WINDOWS\SYSTEM32\dhcpcsvc.DLL
0x00007ffa33bf0000 - 0x00007ffa33cba000 	C:\WINDOWS\SYSTEM32\DNSAPI.dll

dbghelp: loaded successfully - version: 4.0.5 - missing functions: none
symbol engine: initialized successfully - sym options: 0x614 - pdb path: .;C:\Program Files\Android\Android Studio\jre\bin;C:\WINDOWS\SYSTEM32;C:\WINDOWS\WinSxS\amd64_microsoft.windows.common-controls_6595b64144ccf1df_6.0.19041.1110_none_60b5254171f9507e;C:\Program Files\Android\Android Studio\jre\bin\server;C:\Users\WINDOWS10\.gradle\native\e1d6ef7f7dcc3fd88c89a11ec53ec762bb8ba0a96d01ffa2cd45eb1d1d8dd5c5\windows-amd64;C:\Users\WINDOWS10\.gradle\native\0d407fdbe67a94daf76414ababcb853783967236a71b16ec16e742cd7a986fd3\windows-amd64

VM Arguments:
jvm_args: --add-opens=java.base/java.util=ALL-UNNAMED --add-opens=java.base/java.lang=ALL-UNNAMED --add-opens=java.base/java.lang.invoke=ALL-UNNAMED --add-opens=java.base/java.util=ALL-UNNAMED --add-opens=java.prefs/java.util.prefs=ALL-UNNAMED --add-opens=java.prefs/java.util.prefs=ALL-UNNAMED --add-opens=java.base/java.nio.charset=ALL-UNNAMED --add-opens=java.base/java.net=ALL-UNNAMED --add-opens=java.base/java.util.concurrent.atomic=ALL-UNNAMED -Xmx1536M -Dfile.encoding=windows-1252 -Duser.country=US -Duser.language=en -Duser.variant 
java_command: org.gradle.launcher.daemon.bootstrap.GradleDaemon 7.4
java_class_path (initial): C:\Users\WINDOWS10\.gradle\wrapper\dists\gradle-7.4-all\aadb4xli5jkdsnukm30eibyiu\gradle-7.4\lib\gradle-launcher-7.4.jar
Launcher Type: SUN_STANDARD

[Global flags]
     intx CICompilerCount                          = 4                                         {product} {ergonomic}
     uint ConcGCThreads                            = 2                                         {product} {ergonomic}
     uint G1ConcRefinementThreads                  = 8                                         {product} {ergonomic}
   size_t G1HeapRegionSize                         = 1048576                                   {product} {ergonomic}
    uintx GCDrainStackTargetSize                   = 64                                        {product} {ergonomic}
   size_t InitialHeapSize                          = 125829120                                 {product} {ergonomic}
   size_t MarkStackSize                            = 4194304                                   {product} {ergonomic}
   size_t MaxHeapSize                              = 1610612736                                {product} {command line}
   size_t MaxNewSize                               = 965738496                                 {product} {ergonomic}
   size_t MinHeapDeltaBytes                        = 1048576                                   {product} {ergonomic}
    uintx NonNMethodCodeHeapSize                   = 5836300                                {pd product} {ergonomic}
    uintx NonProfiledCodeHeapSize                  = 122910970                              {pd product} {ergonomic}
    uintx ProfiledCodeHeapSize                     = 122910970                              {pd product} {ergonomic}
    uintx ReservedCodeCacheSize                    = 251658240                              {pd product} {ergonomic}
     bool SegmentedCodeCache                       = true                                      {product} {ergonomic}
     bool UseCompressedClassPointers               = true                                 {lp64_product} {ergonomic}
     bool UseCompressedOops                        = true                                 {lp64_product} {ergonomic}
     bool UseG1GC                                  = true                                      {product} {ergonomic}
     bool UseLargePagesIndividualAllocation        = false                                  {pd product} {ergonomic}

Logging:
Log output configuration:
 #0: stdout all=warning uptime,level,tags
 #1: stderr all=off uptime,level,tags

Environment Variables:
JAVA_HOME=C:\Program Files\Android\Android Studio\jre
CLASSPATH=E:\e-commers App\my_grocery\android\\gradle\wrapper\gradle-wrapper.jar
PATH=C:\oraclexe\app\oracle\product\11.2.0\server\bin;;C:\Program Files\Common Files\Oracle\Java\javapath;C:\WINDOWS\system32;C:\WINDOWS;C:\WINDOWS\System32\Wbem;C:\WINDOWS\System32\WindowsPowerShell\v1.0\;C:\WINDOWS\System32\OpenSSH\;C:\Program Files\dotnet\;C:\Program Files\NVIDIA Corporation\NVIDIA NvDLISR;C:\Program Files (x86)\NVIDIA Corporation\PhysX\Common;C:\Program Files\Java\jdk-18.0.2.1\bin;C:\Program Files\MATLAB\MATLAB Runtime\v911\runtime\win64;C:\xampp\php;C:\ProgramData\ComposerSetup\bin;C:\Program Files\nodejs\;C:\Program Files\Microsoft SQL Server\Client SDK\ODBC\170\Tools\Binn\;C:\Program Files (x86)\Microsoft SQL Server\150\Tools\Binn\;C:\Program Files\Microsoft SQL Server\150\Tools\Binn\;C:\Program Files\Microsoft SQL Server\150\DTS\Binn\;C:\Program Files (x86)\Microsoft SQL Server\150\DTS\Binn\;C:\Program Files\Azure Data Studio\bin;C:\Users\WINDOWS10\AppData\Local\Microsoft\WindowsApps;C:\Program Files\JetBrains\IntelliJ IDEA Community Edition 2022.2.1\bin;;C:\Users\WINDOWS10\AppData\Roaming\Composer\vendor\bin;C:\Users\WINDOWS10\AppData\Local\Programs\Microsoft VS Code\bin;C:\flutter\bin;C:\Users\WINDOWS10\AppData\Roaming\npm;C:\Program Files\Azure Data Studio\bin;C:\Users\WINDOWS10\.dotnet\tools;C:\flutter\bin\mingit\cmd
USERNAME=WINDOWS10
OS=Windows_NT
PROCESSOR_IDENTIFIER=AMD64 Family 23 Model 24 Stepping 1, AuthenticAMD



---------------  S Y S T E M  ---------------

OS: Windows 10 , 64 bit Build 19041 (10.0.19041.2251)
OS uptime: 10 days 0:26 hours

CPU:total 8 (initial active 8) (8 cores per cpu, 2 threads per core) family 23 model 24 stepping 1 microcode 0x0, cmov, cx8, fxsr, mmx, sse, sse2, sse3, ssse3, sse4.1, sse4.2, popcnt, avx, avx2, aes, clmul, mmxext, 3dnowpref, lzcnt, sse4a, ht, tsc, tscinvbit, tscinv, bmi1, bmi2, adx, sha, fma

Memory: 4k page, system-wide physical 7617M (475M free)
TotalPageFile size 31169M (AvailPageFile size 0M)
current process WorkingSet (physical memory assigned to process): 272M, peak: 417M
current process commit charge ("private bytes"): 447M, peak: 495M

vm_info: OpenJDK 64-Bit Server VM (11.0.13+0-b1751.21-8125866) for windows-amd64 JRE (11.0.13+0-b1751.21-8125866), built on Feb  2 2022 03:00:22 by "builder" with MS VC++ 14.0 (VS2015)

END.
